This file contains any messages produced by compilers while
running configure, to aid debugging if configure makes a mistake.

It was created by configure, which was
generated by GNU Autoconf 2.65.  Invocation command line was

  $ ./configure --prefix=/usr --mandir=/share/man --with-xpm --with-mesa --with-opengl --without-motif --without-dtsaver --without-rplay --without-nas --without-esound --without-ttf --without-gltt --without-freetype --without-ftgl --without-gtk --enable-flagtype=debian --enable-button-logout=-1 --enable-staff-file=/etc/xlock.staff --enable-syslog --enable-allowroot --enable-pam --enable-bad-pam

## --------- ##
## Platform. ##
## --------- ##

hostname = annuminas
uname -m = i686
uname -r = 2.6.34-1-686
uname -s = Linux
uname -v = #1 SMP Sun Jun 6 22:56:48 UTC 2010

/usr/bin/uname -p = unknown
/bin/uname -X     = unknown

/bin/arch              = unknown
/usr/bin/arch -k       = unknown
/usr/convex/getsysinfo = unknown
/usr/bin/hostinfo      = unknown
/bin/machine           = unknown
/usr/bin/oslevel       = unknown
/bin/universe          = unknown

PATH: /usr/lib/ccache
PATH: /usr/sbin
PATH: /usr/bin
PATH: /sbin
PATH: /bin
PATH: /usr/X11R6/bin


## ----------- ##
## Core tests. ##
## ----------- ##

configure:2447: checking build system type
configure:2461: result: i686-pc-linux-gnu
configure:2481: checking host system type
configure:2494: result: i686-pc-linux-gnu
configure:2564: checking for gcc
configure:2580: found /usr/lib/ccache/gcc
configure:2591: result: gcc
configure:2820: checking for C compiler version
configure:2829: gcc --version >&5
gcc (Debian 4.4.4-7) 4.4.4
Copyright (C) 2010 Free Software Foundation, Inc.
This is free software; see the source for copying conditions.  There is NO
warranty; not even for MERCHANTABILITY or FITNESS FOR A PARTICULAR PURPOSE.

configure:2840: $? = 0
configure:2829: gcc -v >&5
Using built-in specs.
Target: i486-linux-gnu
Configured with: ../src/configure -v --with-pkgversion='Debian 4.4.4-7' --with-bugurl=file:///usr/share/doc/gcc-4.4/README.Bugs --enable-languages=c,c++,fortran,objc,obj-c++ --prefix=/usr --enable-shared --enable-multiarch --enable-linker-build-id --with-system-zlib --libexecdir=/usr/lib --without-included-gettext --enable-threads=posix --with-gxx-include-dir=/usr/include/c++/4.4 --program-suffix=-4.4 --enable-nls --enable-clocale=gnu --enable-libstdcxx-debug --enable-objc-gc --enable-targets=all --with-arch-32=i586 --with-tune=generic --enable-checking=release --build=i486-linux-gnu --host=i486-linux-gnu --target=i486-linux-gnu
Thread model: posix
gcc version 4.4.4 (Debian 4.4.4-7) 
configure:2840: $? = 0
configure:2829: gcc -V >&5
gcc: '-V' option must have argument
configure:2840: $? = 1
configure:2829: gcc -qversion >&5
gcc: unrecognized option '-qversion'
gcc: no input files
configure:2840: $? = 1
configure:2860: checking whether the C compiler works
configure:2882: gcc -O2 -g   conftest.c  >&5
configure:2886: $? = 0
configure:2935: result: yes
configure:2938: checking for C compiler default output file name
configure:2940: result: a.out
configure:2946: checking for suffix of executables
configure:2953: gcc -o conftest -O2 -g   conftest.c  >&5
configure:2957: $? = 0
configure:2979: result: 
configure:3001: checking whether we are cross compiling
configure:3009: gcc -o conftest -O2 -g   conftest.c  >&5
configure:3013: $? = 0
configure:3020: ./conftest
configure:3024: $? = 0
configure:3039: result: no
configure:3044: checking for suffix of object files
configure:3066: gcc -c -O2 -g  conftest.c >&5
configure:3070: $? = 0
configure:3091: result: o
configure:3095: checking whether we are using the GNU C compiler
configure:3114: gcc -c -O2 -g  conftest.c >&5
configure:3114: $? = 0
configure:3123: result: yes
configure:3132: checking whether gcc accepts -g
configure:3152: gcc -c -g  conftest.c >&5
configure:3152: $? = 0
configure:3193: result: yes
configure:3210: checking for gcc option to accept ISO C89
configure:3274: gcc  -c -O2 -g  conftest.c >&5
configure:3274: $? = 0
configure:3287: result: none needed
configure:3312: checking for g++
configure:3328: found /usr/lib/ccache/g++
configure:3339: result: g++
configure:3508: checking for C++ compiler version
configure:3517: g++ --version >&5
g++ (Debian 4.4.4-7) 4.4.4
Copyright (C) 2010 Free Software Foundation, Inc.
This is free software; see the source for copying conditions.  There is NO
warranty; not even for MERCHANTABILITY or FITNESS FOR A PARTICULAR PURPOSE.

configure:3528: $? = 0
configure:3517: g++ -v >&5
Using built-in specs.
Target: i486-linux-gnu
Configured with: ../src/configure -v --with-pkgversion='Debian 4.4.4-7' --with-bugurl=file:///usr/share/doc/gcc-4.4/README.Bugs --enable-languages=c,c++,fortran,objc,obj-c++ --prefix=/usr --enable-shared --enable-multiarch --enable-linker-build-id --with-system-zlib --libexecdir=/usr/lib --without-included-gettext --enable-threads=posix --with-gxx-include-dir=/usr/include/c++/4.4 --program-suffix=-4.4 --enable-nls --enable-clocale=gnu --enable-libstdcxx-debug --enable-objc-gc --enable-targets=all --with-arch-32=i586 --with-tune=generic --enable-checking=release --build=i486-linux-gnu --host=i486-linux-gnu --target=i486-linux-gnu
Thread model: posix
gcc version 4.4.4 (Debian 4.4.4-7) 
configure:3528: $? = 0
configure:3517: g++ -V >&5
g++: '-V' option must have argument
configure:3528: $? = 1
configure:3517: g++ -qversion >&5
g++: unrecognized option '-qversion'
g++: no input files
configure:3528: $? = 1
configure:3532: checking whether we are using the GNU C++ compiler
configure:3551: g++ -c -g -O2  conftest.cpp >&5
configure:3551: $? = 0
configure:3560: result: yes
configure:3569: checking whether g++ accepts -g
configure:3589: g++ -c -g  conftest.cpp >&5
configure:3589: $? = 0
configure:3630: result: yes
configure:3678: result: Turning on GNU compiler warnings.
configure:3715: checking whether ln -s works
configure:3719: result: yes
configure:3731: checking how to run the C preprocessor
configure:3762: gcc -Wnested-externs -Wno-format -E  conftest.c
configure:3762: $? = 0
configure:3776: gcc -Wnested-externs -Wno-format -E  conftest.c
conftest.c:12:28: error: ac_nonexistent.h: No such file or directory
configure:3776: $? = 1
configure: failed program was:
| /* confdefs.h */
| #define PACKAGE_NAME ""
| #define PACKAGE_TARNAME ""
| #define PACKAGE_VERSION ""
| #define PACKAGE_STRING ""
| #define PACKAGE_BUGREPORT ""
| #define PACKAGE_URL ""
| #define HAVE_CXX 1
| #define PACKAGE "xlockmore"
| #define VERSION "5.30"
| /* end confdefs.h.  */
| #include <ac_nonexistent.h>
configure:3801: result: gcc -Wnested-externs -Wno-format -E
configure:3821: gcc -Wnested-externs -Wno-format -E  conftest.c
configure:3821: $? = 0
configure:3835: gcc -Wnested-externs -Wno-format -E  conftest.c
conftest.c:12:28: error: ac_nonexistent.h: No such file or directory
configure:3835: $? = 1
configure: failed program was:
| /* confdefs.h */
| #define PACKAGE_NAME ""
| #define PACKAGE_TARNAME ""
| #define PACKAGE_VERSION ""
| #define PACKAGE_STRING ""
| #define PACKAGE_BUGREPORT ""
| #define PACKAGE_URL ""
| #define HAVE_CXX 1
| #define PACKAGE "xlockmore"
| #define VERSION "5.30"
| /* end confdefs.h.  */
| #include <ac_nonexistent.h>
configure:3865: checking for grep that handles long lines and -e
configure:3923: result: /bin/grep
configure:3928: checking for egrep
configure:3990: result: /bin/grep -E
configure:3995: checking for ANSI C header files
configure:4015: gcc -Wnested-externs -Wno-format -c -O2 -g  conftest.c >&5
configure:4015: $? = 0
configure:4088: gcc -Wnested-externs -Wno-format -o conftest -O2 -g   conftest.c  >&5
configure:4088: $? = 0
configure:4088: ./conftest
configure:4088: $? = 0
configure:4099: result: yes
configure:4112: checking for sys/types.h
configure:4112: gcc -Wnested-externs -Wno-format -c -O2 -g  conftest.c >&5
configure:4112: $? = 0
configure:4112: result: yes
configure:4112: checking for sys/stat.h
configure:4112: gcc -Wnested-externs -Wno-format -c -O2 -g  conftest.c >&5
configure:4112: $? = 0
configure:4112: result: yes
configure:4112: checking for stdlib.h
configure:4112: gcc -Wnested-externs -Wno-format -c -O2 -g  conftest.c >&5
configure:4112: $? = 0
configure:4112: result: yes
configure:4112: checking for string.h
configure:4112: gcc -Wnested-externs -Wno-format -c -O2 -g  conftest.c >&5
configure:4112: $? = 0
configure:4112: result: yes
configure:4112: checking for memory.h
configure:4112: gcc -Wnested-externs -Wno-format -c -O2 -g  conftest.c >&5
configure:4112: $? = 0
configure:4112: result: yes
configure:4112: checking for strings.h
configure:4112: gcc -Wnested-externs -Wno-format -c -O2 -g  conftest.c >&5
configure:4112: $? = 0
configure:4112: result: yes
configure:4112: checking for inttypes.h
configure:4112: gcc -Wnested-externs -Wno-format -c -O2 -g  conftest.c >&5
configure:4112: $? = 0
configure:4112: result: yes
configure:4112: checking for stdint.h
configure:4112: gcc -Wnested-externs -Wno-format -c -O2 -g  conftest.c >&5
configure:4112: $? = 0
configure:4112: result: yes
configure:4112: checking for unistd.h
configure:4112: gcc -Wnested-externs -Wno-format -c -O2 -g  conftest.c >&5
configure:4112: $? = 0
configure:4112: result: yes
configure:4126: checking minix/config.h usability
configure:4126: gcc -Wnested-externs -Wno-format -c -O2 -g  conftest.c >&5
conftest.c:55:26: error: minix/config.h: No such file or directory
configure:4126: $? = 1
configure: failed program was:
| /* confdefs.h */
| #define PACKAGE_NAME ""
| #define PACKAGE_TARNAME ""
| #define PACKAGE_VERSION ""
| #define PACKAGE_STRING ""
| #define PACKAGE_BUGREPORT ""
| #define PACKAGE_URL ""
| #define HAVE_CXX 1
| #define PACKAGE "xlockmore"
| #define VERSION "5.30"
| #define STDC_HEADERS 1
| #define HAVE_SYS_TYPES_H 1
| #define HAVE_SYS_STAT_H 1
| #define HAVE_STDLIB_H 1
| #define HAVE_STRING_H 1
| #define HAVE_MEMORY_H 1
| #define HAVE_STRINGS_H 1
| #define HAVE_INTTYPES_H 1
| #define HAVE_STDINT_H 1
| #define HAVE_UNISTD_H 1
| /* end confdefs.h.  */
| #include <stdio.h>
| #ifdef HAVE_SYS_TYPES_H
| # include <sys/types.h>
| #endif
| #ifdef HAVE_SYS_STAT_H
| # include <sys/stat.h>
| #endif
| #ifdef STDC_HEADERS
| # include <stdlib.h>
| # include <stddef.h>
| #else
| # ifdef HAVE_STDLIB_H
| #  include <stdlib.h>
| # endif
| #endif
| #ifdef HAVE_STRING_H
| # if !defined STDC_HEADERS && defined HAVE_MEMORY_H
| #  include <memory.h>
| # endif
| # include <string.h>
| #endif
| #ifdef HAVE_STRINGS_H
| # include <strings.h>
| #endif
| #ifdef HAVE_INTTYPES_H
| # include <inttypes.h>
| #endif
| #ifdef HAVE_STDINT_H
| # include <stdint.h>
| #endif
| #ifdef HAVE_UNISTD_H
| # include <unistd.h>
| #endif
| #include <minix/config.h>
configure:4126: result: no
configure:4126: checking minix/config.h presence
configure:4126: gcc -Wnested-externs -Wno-format -E  conftest.c
conftest.c:22:26: error: minix/config.h: No such file or directory
configure:4126: $? = 1
configure: failed program was:
| /* confdefs.h */
| #define PACKAGE_NAME ""
| #define PACKAGE_TARNAME ""
| #define PACKAGE_VERSION ""
| #define PACKAGE_STRING ""
| #define PACKAGE_BUGREPORT ""
| #define PACKAGE_URL ""
| #define HAVE_CXX 1
| #define PACKAGE "xlockmore"
| #define VERSION "5.30"
| #define STDC_HEADERS 1
| #define HAVE_SYS_TYPES_H 1
| #define HAVE_SYS_STAT_H 1
| #define HAVE_STDLIB_H 1
| #define HAVE_STRING_H 1
| #define HAVE_MEMORY_H 1
| #define HAVE_STRINGS_H 1
| #define HAVE_INTTYPES_H 1
| #define HAVE_STDINT_H 1
| #define HAVE_UNISTD_H 1
| /* end confdefs.h.  */
| #include <minix/config.h>
configure:4126: result: no
configure:4126: checking for minix/config.h
configure:4126: result: no
configure:4147: checking whether it is safe to define __EXTENSIONS__
configure:4165: gcc -Wnested-externs -Wno-format -c -O2 -g  conftest.c >&5
configure:4165: $? = 0
configure:4172: result: yes
configure:4201: checking for a BSD-compatible install
configure:4269: result: /usr/bin/install -c
configure:4280: checking whether make sets $(MAKE)
configure:4302: result: yes
configure:4313: checking test -h
configure:4317: result: -h
configure:4325: checking for library containing strerror
configure:4356: gcc -Wnested-externs -Wno-format -o conftest -O2 -g   conftest.c  >&5
configure:4356: $? = 0
configure:4373: result: none required
configure:4384: checking fcntl.h usability
configure:4384: gcc -Wnested-externs -Wno-format -c -O2 -g  conftest.c >&5
configure:4384: $? = 0
configure:4384: result: yes
configure:4384: checking fcntl.h presence
configure:4384: gcc -Wnested-externs -Wno-format -E  conftest.c
configure:4384: $? = 0
configure:4384: result: yes
configure:4384: checking for fcntl.h
configure:4384: result: yes
configure:4384: checking limits.h usability
configure:4384: gcc -Wnested-externs -Wno-format -c -O2 -g  conftest.c >&5
configure:4384: $? = 0
configure:4384: result: yes
configure:4384: checking limits.h presence
configure:4384: gcc -Wnested-externs -Wno-format -E  conftest.c
configure:4384: $? = 0
configure:4384: result: yes
configure:4384: checking for limits.h
configure:4384: result: yes
configure:4384: checking sys/select.h usability
configure:4384: gcc -Wnested-externs -Wno-format -c -O2 -g  conftest.c >&5
configure:4384: $? = 0
configure:4384: result: yes
configure:4384: checking sys/select.h presence
configure:4384: gcc -Wnested-externs -Wno-format -E  conftest.c
configure:4384: $? = 0
configure:4384: result: yes
configure:4384: checking for sys/select.h
configure:4384: result: yes
configure:4384: checking sys/time.h usability
configure:4384: gcc -Wnested-externs -Wno-format -c -O2 -g  conftest.c >&5
configure:4384: $? = 0
configure:4384: result: yes
configure:4384: checking sys/time.h presence
configure:4384: gcc -Wnested-externs -Wno-format -E  conftest.c
configure:4384: $? = 0
configure:4384: result: yes
configure:4384: checking for sys/time.h
configure:4384: result: yes
configure:4384: checking syslog.h usability
configure:4384: gcc -Wnested-externs -Wno-format -c -O2 -g  conftest.c >&5
configure:4384: $? = 0
configure:4384: result: yes
configure:4384: checking syslog.h presence
configure:4384: gcc -Wnested-externs -Wno-format -E  conftest.c
configure:4384: $? = 0
configure:4384: result: yes
configure:4384: checking for syslog.h
configure:4384: result: yes
configure:4384: checking for unistd.h
configure:4384: result: yes
configure:4384: checking for memory.h
configure:4384: result: yes
configure:4384: checking sys/param.h usability
configure:4384: gcc -Wnested-externs -Wno-format -c -O2 -g  conftest.c >&5
configure:4384: $? = 0
configure:4384: result: yes
configure:4384: checking sys/param.h presence
configure:4384: gcc -Wnested-externs -Wno-format -E  conftest.c
configure:4384: $? = 0
configure:4384: result: yes
configure:4384: checking for sys/param.h
configure:4384: result: yes
configure:4396: checking for an ANSI C-conforming const
configure:4461: gcc -Wnested-externs -Wno-format -c -O2 -g  conftest.c >&5
configure:4461: $? = 0
configure:4468: result: yes
configure:4476: checking for mode_t
configure:4476: gcc -Wnested-externs -Wno-format -c -O2 -g  conftest.c >&5
configure:4476: $? = 0
configure:4476: gcc -Wnested-externs -Wno-format -c -O2 -g  conftest.c >&5
conftest.c: In function 'main':
conftest.c:71: error: expected expression before ')' token
configure:4476: $? = 1
configure: failed program was:
| /* confdefs.h */
| #define PACKAGE_NAME ""
| #define PACKAGE_TARNAME ""
| #define PACKAGE_VERSION ""
| #define PACKAGE_STRING ""
| #define PACKAGE_BUGREPORT ""
| #define PACKAGE_URL ""
| #define HAVE_CXX 1
| #define PACKAGE "xlockmore"
| #define VERSION "5.30"
| #define STDC_HEADERS 1
| #define HAVE_SYS_TYPES_H 1
| #define HAVE_SYS_STAT_H 1
| #define HAVE_STDLIB_H 1
| #define HAVE_STRING_H 1
| #define HAVE_MEMORY_H 1
| #define HAVE_STRINGS_H 1
| #define HAVE_INTTYPES_H 1
| #define HAVE_STDINT_H 1
| #define HAVE_UNISTD_H 1
| #define __EXTENSIONS__ 1
| #define _ALL_SOURCE 1
| #define _GNU_SOURCE 1
| #define _POSIX_PTHREAD_SEMANTICS 1
| #define _TANDEM_SOURCE 1
| #define HAVE_FCNTL_H 1
| #define HAVE_LIMITS_H 1
| #define HAVE_SYS_SELECT_H 1
| #define HAVE_SYS_TIME_H 1
| #define HAVE_SYSLOG_H 1
| #define HAVE_UNISTD_H 1
| #define HAVE_MEMORY_H 1
| #define HAVE_SYS_PARAM_H 1
| /* end confdefs.h.  */
| #include <stdio.h>
| #ifdef HAVE_SYS_TYPES_H
| # include <sys/types.h>
| #endif
| #ifdef HAVE_SYS_STAT_H
| # include <sys/stat.h>
| #endif
| #ifdef STDC_HEADERS
| # include <stdlib.h>
| # include <stddef.h>
| #else
| # ifdef HAVE_STDLIB_H
| #  include <stdlib.h>
| # endif
| #endif
| #ifdef HAVE_STRING_H
| # if !defined STDC_HEADERS && defined HAVE_MEMORY_H
| #  include <memory.h>
| # endif
| # include <string.h>
| #endif
| #ifdef HAVE_STRINGS_H
| # include <strings.h>
| #endif
| #ifdef HAVE_INTTYPES_H
| # include <inttypes.h>
| #endif
| #ifdef HAVE_STDINT_H
| # include <stdint.h>
| #endif
| #ifdef HAVE_UNISTD_H
| # include <unistd.h>
| #endif
| int
| main ()
| {
| if (sizeof ((mode_t)))
| 	    return 0;
|   ;
|   return 0;
| }
configure:4476: result: yes
configure:4487: checking for uid_t in sys/types.h
configure:4506: result: yes
configure:4517: checking for pid_t
configure:4517: gcc -Wnested-externs -Wno-format -c -O2 -g  conftest.c >&5
configure:4517: $? = 0
configure:4517: gcc -Wnested-externs -Wno-format -c -O2 -g  conftest.c >&5
conftest.c: In function 'main':
conftest.c:71: error: expected expression before ')' token
configure:4517: $? = 1
configure: failed program was:
| /* confdefs.h */
| #define PACKAGE_NAME ""
| #define PACKAGE_TARNAME ""
| #define PACKAGE_VERSION ""
| #define PACKAGE_STRING ""
| #define PACKAGE_BUGREPORT ""
| #define PACKAGE_URL ""
| #define HAVE_CXX 1
| #define PACKAGE "xlockmore"
| #define VERSION "5.30"
| #define STDC_HEADERS 1
| #define HAVE_SYS_TYPES_H 1
| #define HAVE_SYS_STAT_H 1
| #define HAVE_STDLIB_H 1
| #define HAVE_STRING_H 1
| #define HAVE_MEMORY_H 1
| #define HAVE_STRINGS_H 1
| #define HAVE_INTTYPES_H 1
| #define HAVE_STDINT_H 1
| #define HAVE_UNISTD_H 1
| #define __EXTENSIONS__ 1
| #define _ALL_SOURCE 1
| #define _GNU_SOURCE 1
| #define _POSIX_PTHREAD_SEMANTICS 1
| #define _TANDEM_SOURCE 1
| #define HAVE_FCNTL_H 1
| #define HAVE_LIMITS_H 1
| #define HAVE_SYS_SELECT_H 1
| #define HAVE_SYS_TIME_H 1
| #define HAVE_SYSLOG_H 1
| #define HAVE_UNISTD_H 1
| #define HAVE_MEMORY_H 1
| #define HAVE_SYS_PARAM_H 1
| /* end confdefs.h.  */
| #include <stdio.h>
| #ifdef HAVE_SYS_TYPES_H
| # include <sys/types.h>
| #endif
| #ifdef HAVE_SYS_STAT_H
| # include <sys/stat.h>
| #endif
| #ifdef STDC_HEADERS
| # include <stdlib.h>
| # include <stddef.h>
| #else
| # ifdef HAVE_STDLIB_H
| #  include <stdlib.h>
| # endif
| #endif
| #ifdef HAVE_STRING_H
| # if !defined STDC_HEADERS && defined HAVE_MEMORY_H
| #  include <memory.h>
| # endif
| # include <string.h>
| #endif
| #ifdef HAVE_STRINGS_H
| # include <strings.h>
| #endif
| #ifdef HAVE_INTTYPES_H
| # include <inttypes.h>
| #endif
| #ifdef HAVE_STDINT_H
| # include <stdint.h>
| #endif
| #ifdef HAVE_UNISTD_H
| # include <unistd.h>
| #endif
| int
| main ()
| {
| if (sizeof ((pid_t)))
| 	    return 0;
|   ;
|   return 0;
| }
configure:4517: result: yes
configure:4528: checking for size_t
configure:4528: gcc -Wnested-externs -Wno-format -c -O2 -g  conftest.c >&5
configure:4528: $? = 0
configure:4528: gcc -Wnested-externs -Wno-format -c -O2 -g  conftest.c >&5
conftest.c: In function 'main':
conftest.c:71: error: expected expression before ')' token
configure:4528: $? = 1
configure: failed program was:
| /* confdefs.h */
| #define PACKAGE_NAME ""
| #define PACKAGE_TARNAME ""
| #define PACKAGE_VERSION ""
| #define PACKAGE_STRING ""
| #define PACKAGE_BUGREPORT ""
| #define PACKAGE_URL ""
| #define HAVE_CXX 1
| #define PACKAGE "xlockmore"
| #define VERSION "5.30"
| #define STDC_HEADERS 1
| #define HAVE_SYS_TYPES_H 1
| #define HAVE_SYS_STAT_H 1
| #define HAVE_STDLIB_H 1
| #define HAVE_STRING_H 1
| #define HAVE_MEMORY_H 1
| #define HAVE_STRINGS_H 1
| #define HAVE_INTTYPES_H 1
| #define HAVE_STDINT_H 1
| #define HAVE_UNISTD_H 1
| #define __EXTENSIONS__ 1
| #define _ALL_SOURCE 1
| #define _GNU_SOURCE 1
| #define _POSIX_PTHREAD_SEMANTICS 1
| #define _TANDEM_SOURCE 1
| #define HAVE_FCNTL_H 1
| #define HAVE_LIMITS_H 1
| #define HAVE_SYS_SELECT_H 1
| #define HAVE_SYS_TIME_H 1
| #define HAVE_SYSLOG_H 1
| #define HAVE_UNISTD_H 1
| #define HAVE_MEMORY_H 1
| #define HAVE_SYS_PARAM_H 1
| /* end confdefs.h.  */
| #include <stdio.h>
| #ifdef HAVE_SYS_TYPES_H
| # include <sys/types.h>
| #endif
| #ifdef HAVE_SYS_STAT_H
| # include <sys/stat.h>
| #endif
| #ifdef STDC_HEADERS
| # include <stdlib.h>
| # include <stddef.h>
| #else
| # ifdef HAVE_STDLIB_H
| #  include <stdlib.h>
| # endif
| #endif
| #ifdef HAVE_STRING_H
| # if !defined STDC_HEADERS && defined HAVE_MEMORY_H
| #  include <memory.h>
| # endif
| # include <string.h>
| #endif
| #ifdef HAVE_STRINGS_H
| # include <strings.h>
| #endif
| #ifdef HAVE_INTTYPES_H
| # include <inttypes.h>
| #endif
| #ifdef HAVE_STDINT_H
| # include <stdint.h>
| #endif
| #ifdef HAVE_UNISTD_H
| # include <unistd.h>
| #endif
| int
| main ()
| {
| if (sizeof ((size_t)))
| 	    return 0;
|   ;
|   return 0;
| }
configure:4528: result: yes
configure:4539: checking whether time.h and sys/time.h may both be included
configure:4559: gcc -Wnested-externs -Wno-format -c -O2 -g  conftest.c >&5
configure:4559: $? = 0
configure:4566: result: yes
configure:4574: checking whether struct tm is in sys/time.h or time.h
configure:4594: gcc -Wnested-externs -Wno-format -c -O2 -g  conftest.c >&5
configure:4594: $? = 0
configure:4601: result: time.h
configure:4610: checking for getenv declaration
configure:4620: result: yes
configure:4632: checking for gethostname
configure:4632: gcc -Wnested-externs -Wno-format -o conftest -O2 -g   conftest.c  >&5
configure:4632: $? = 0
configure:4632: result: yes
configure:4632: checking for select
configure:4632: gcc -Wnested-externs -Wno-format -o conftest -O2 -g   conftest.c  >&5
configure:4632: $? = 0
configure:4632: result: yes
configure:4632: checking for strdup
configure:4632: gcc -Wnested-externs -Wno-format -o conftest -O2 -g   conftest.c  >&5
conftest.c:62: warning: conflicting types for built-in function 'strdup'
configure:4632: $? = 0
configure:4632: result: yes
configure:4643: checking for setpriority
configure:4643: gcc -Wnested-externs -Wno-format -o conftest -O2 -g   conftest.c  >&5
configure:4643: $? = 0
configure:4643: result: yes
configure:4649: checking for vfork
configure:4649: gcc -Wnested-externs -Wno-format -o conftest -O2 -g   conftest.c  >&5
configure:4649: $? = 0
configure:4649: result: yes
configure:4655: checking for seteuid
configure:4655: gcc -Wnested-externs -Wno-format -o conftest -O2 -g   conftest.c  >&5
configure:4655: $? = 0
configure:4655: result: yes
configure:4675: checking for X
configure:4783: gcc -Wnested-externs -Wno-format -E  conftest.c
configure:4783: $? = 0
configure:4814: gcc -Wnested-externs -Wno-format -o conftest -O2 -g   conftest.c -lX11  >&5
configure:4814: $? = 0
configure:4864: result: libraries , headers 
configure:4963: gcc -Wnested-externs -Wno-format -o conftest -O2 -g   conftest.c   -lX11 >&5
configure:4963: $? = 0
configure:5061: checking for gethostbyname
configure:5061: gcc -Wnested-externs -Wno-format -o conftest -O2 -g   conftest.c  >&5
configure:5061: $? = 0
configure:5061: result: yes
configure:5158: checking for connect
configure:5158: gcc -Wnested-externs -Wno-format -o conftest -O2 -g   conftest.c  >&5
configure:5158: $? = 0
configure:5158: result: yes
configure:5207: checking for remove
configure:5207: gcc -Wnested-externs -Wno-format -o conftest -O2 -g   conftest.c  >&5
configure:5207: $? = 0
configure:5207: result: yes
configure:5256: checking for shmat
configure:5256: gcc -Wnested-externs -Wno-format -o conftest -O2 -g   conftest.c  >&5
configure:5256: $? = 0
configure:5256: result: yes
configure:5314: checking for IceConnectionNumber in -lICE
configure:5339: gcc -Wnested-externs -Wno-format -o conftest -O2 -g   conftest.c -lICE   >&5
configure:5339: $? = 0
configure:5348: result: yes
configure:5400: checking for X app-defaults directory
configure:5562: result: /usr/lib/X11/app-defaults
configure:5618: checking for Motif
configure:5797: result: no
configure:5831: checking for Editres
configure:6015: result: libraries /usr/lib, headers /usr/include
configure:6037: checking for XPM
configure:6221: result: libraries /usr/lib, headers /usr/include
configure:6246: checking for GLTT
configure:6417: result: no
configure:6451: checking for TTF
configure:6622: result: no
configure:6667: checking for FTGL
configure:6838: result: no
configure:6872: checking for FREETYPE2
configure:7044: result: no
configure:7089: checking for OpenGL (OK if this is Mesa)
configure:7282: result: libraries , headers /usr/include
configure:7304: checking for Mesa
configure:7621: result: ignored - using OpenGL
configure:7639: checking for GL >=1.1
configure:7664: gcc -Wnested-externs -Wno-format -o conftest -O2 -g  -I/usr/include -I/usr/include   conftest.c  -L/usr/lib  -lSM -lICE   -lXmu -lXpm -lGL -lGLU -lX11 -lXext -lm >&5
configure:7664: $? = 0
configure:7675: result: yes
configure:7688: checking for DtSaver
configure:7751: result: no
configure:7781: checking for EXT
configure:7972: result: libraries /usr/lib, headers /usr/include
configure:7989: checking for DPMS
configure:8180: result: libraries , headers /usr/include
configure:8202: checking for XINERAMA
configure:8374: result: no
configure:8408: checking for RPLAY
configure:8495: result: no
configure:8525: checking for ESOUND
configure:8626: result: no
configure:8678: checking for NAS
configure:8765: result: no
configure:8811: checking for CRYPT
configure:8871: result: libraries /usr/lib
configure:8892: checking for pkg-config
configure:8925: result: no
configure:9333: checking elf.h usability
configure:9333: gcc -Wnested-externs -Wno-format -c -O2 -g  conftest.c >&5
configure:9333: $? = 0
configure:9333: result: yes
configure:9333: checking elf.h presence
configure:9333: gcc -Wnested-externs -Wno-format -E  conftest.c
configure:9333: $? = 0
configure:9333: result: yes
configure:9333: checking for elf.h
configure:9333: result: yes
configure:9473: checking for dirent.h that defines DIR
configure:9492: gcc -Wnested-externs -Wno-format -c -O2 -g  conftest.c >&5
configure:9492: $? = 0
configure:9500: result: yes
configure:9514: checking for library containing opendir
configure:9545: gcc -Wnested-externs -Wno-format -o conftest -O2 -g   conftest.c  >&5
configure:9545: $? = 0
configure:9562: result: none required
configure:9631: checking for usleep
configure:9631: gcc -Wnested-externs -Wno-format -o conftest -O2 -g   conftest.c  >&5
configure:9631: $? = 0
configure:9631: result: yes
configure:9646: checking how to call gettimeofday
configure:9664: gcc -Wnested-externs -Wno-format -c -O2 -g  conftest.c >&5
configure:9664: $? = 0
configure:9696: result: two arguments
configure:9711: checking for tzset
configure:9711: gcc -Wnested-externs -Wno-format -o conftest -O2 -g   conftest.c  >&5
configure:9711: $? = 0
configure:9711: result: yes
configure:9711: checking for timelocal
configure:9711: gcc -Wnested-externs -Wno-format -o conftest -O2 -g   conftest.c  >&5
configure:9711: $? = 0
configure:9711: result: yes
configure:9722: checking for inline
configure:9738: gcc -Wnested-externs -Wno-format -c -O2 -g  conftest.c >&5
configure:9738: $? = 0
configure:9746: result: inline
configure:9766: checking for srand48
configure:9766: gcc -Wnested-externs -Wno-format -o conftest -O2 -g   conftest.c  >&5
configure:9766: $? = 0
configure:9766: result: yes
configure:9770: checking for srand48 declaration
configure:9780: result: yes
configure:9816: checking matherr support
configure:9838: gcc -Wnested-externs -Wno-format -c -O2 -g  conftest.c >&5
configure:9838: $? = 0
configure:9849: result: yes
configure:9856: checking struct sigset_t
configure:9877: gcc -Wnested-externs -Wno-format -c -O2 -g  conftest.c >&5
configure:9877: $? = 0
configure:9894: result: no
configure:9911: checking whether wchar_t is defined internal to C++
configure:9931: g++ -c -g -O2  -I/usr/include conftest.cpp >&5
configure:9931: $? = 0
configure:9945: result: no
configure:10126: result: defining option USE_VROOT
configure:10157: result: defining option ALWAYS_ALLOW_ROOT
configure:10193: result: defining option USE_SYSLOG
configure:10390: result: Warning: Illegal time value "-1" given
configure:10392: result: defining option USE_BUTTON_LOGOUT = 10 minutes
configure:10442: result: defining option USE_BOMB
configure:10548: result: defining option STAFF_FILE = "/etc/xlock.staff"
configure:10555: result: Warning: File /etc/xlock.staff does not exist
configure:10723: result: defining option USE_PAM
configure:10727: checking for dlsym
configure:10727: gcc -Wnested-externs -Wno-format -o conftest -O2 -g   conftest.c  >&5
/tmp/ccCsSkY8.o: In function `main':
/home/mstone/src/debian/xlockmore/xlockmore-5.31/conftest.c:104: undefined reference to `dlsym'
collect2: ld returned 1 exit status
configure:10727: $? = 1
configure: failed program was:
| /* confdefs.h */
| #define PACKAGE_NAME ""
| #define PACKAGE_TARNAME ""
| #define PACKAGE_VERSION ""
| #define PACKAGE_STRING ""
| #define PACKAGE_BUGREPORT ""
| #define PACKAGE_URL ""
| #define HAVE_CXX 1
| #define PACKAGE "xlockmore"
| #define VERSION "5.30"
| #define STDC_HEADERS 1
| #define HAVE_SYS_TYPES_H 1
| #define HAVE_SYS_STAT_H 1
| #define HAVE_STDLIB_H 1
| #define HAVE_STRING_H 1
| #define HAVE_MEMORY_H 1
| #define HAVE_STRINGS_H 1
| #define HAVE_INTTYPES_H 1
| #define HAVE_STDINT_H 1
| #define HAVE_UNISTD_H 1
| #define __EXTENSIONS__ 1
| #define _ALL_SOURCE 1
| #define _GNU_SOURCE 1
| #define _POSIX_PTHREAD_SEMANTICS 1
| #define _TANDEM_SOURCE 1
| #define HAVE_FCNTL_H 1
| #define HAVE_LIMITS_H 1
| #define HAVE_SYS_SELECT_H 1
| #define HAVE_SYS_TIME_H 1
| #define HAVE_SYSLOG_H 1
| #define HAVE_UNISTD_H 1
| #define HAVE_MEMORY_H 1
| #define HAVE_SYS_PARAM_H 1
| #define TIME_WITH_SYS_TIME 1
| #define DECLARED_GETENV 1
| #define HAVE_GETHOSTNAME 1
| #define HAVE_SELECT 1
| #define HAVE_STRDUP 1
| #define HAVE_SETPRIORITY 1
| #define HAVE_VFORK 1
| #define HAVE_SETEUID 1
| #define USE_XMU 1
| #define HAVE_XPM 1
| #define USE_GL 1
| #define HAVE_GLBINDTEXTURE 1
| #define USE_EXT 1
| #define USE_DPMS 1
| #define HAVE_SHADOW 1
| #define linux 1
| #define _POSIX_SOURCE 1
| #define _BSD_SOURCE 1
| #define _GNU_SOURCE 1
| #define HAVE_DIRENT_H 1
| #define HAVE_USLEEP 1
| #define HAVE_GETTIMEOFDAY 1
| #define GETTIMEOFDAY_TWO_ARGS 1
| #define HAVE_TZSET 1
| #define HAVE_TIMELOCAL 1
| #define HAVE_RAND48 1
| #define DECLARED_SRAND48 1
| #define USE_MATHERR 1
| #define USE_VROOT 1
| #define ALWAYS_ALLOW_ROOT 1
| #define USE_SYSLOG 1
| #define USE_BUTTON_LOGOUT 10
| #define USE_BOMB 1
| #define STAFF_FILE "/etc/xlock.staff"
| #define USE_PAM 1
| /* end confdefs.h.  */
| /* Define dlsym to an innocuous variant, in case <limits.h> declares dlsym.
|    For example, HP-UX 11i <limits.h> declares gettimeofday.  */
| #define dlsym innocuous_dlsym
| 
| /* System header to define __stub macros and hopefully few prototypes,
|     which can conflict with char dlsym (); below.
|     Prefer <limits.h> to <assert.h> if __STDC__ is defined, since
|     <limits.h> exists even on freestanding compilers.  */
| 
| #ifdef __STDC__
| # include <limits.h>
| #else
| # include <assert.h>
| #endif
| 
| #undef dlsym
| 
| /* Override any GCC internal prototype to avoid an error.
|    Use char because int might match the return type of a GCC
|    builtin and then its argument prototype would still apply.  */
| #ifdef __cplusplus
| extern "C"
| #endif
| char dlsym ();
| /* The GNU C library defines this for functions which it implements
|     to always fail with ENOSYS.  Some functions are actually named
|     something starting with __ and the normal name is an alias.  */
| #if defined __stub_dlsym || defined __stub___dlsym
| choke me
| #endif
| 
| int
| main ()
| {
| return dlsym ();
|   ;
|   return 0;
| }
configure:10727: result: no
configure:10749: result: defining option BAD_PAM
configure:10993: result: using default language (English)
configure:11073: result: defining install options (setuid/setgid) = "-s -g shadow -m 2111"
configure:11258: creating ./config.status

## ---------------------- ##
## Running config.status. ##
## ---------------------- ##

This file was extended by config.status, which was
generated by GNU Autoconf 2.65.  Invocation command line was

  CONFIG_FILES    = 
  CONFIG_HEADERS  = 
  CONFIG_LINKS    = 
  CONFIG_COMMANDS = 
  $ ./config.status 

on annuminas

config.status:927: creating Makefile
config.status:927: creating xlock/Makefile
config.status:927: creating modes/Makefile
config.status:927: creating modes/glx/Makefile
config.status:927: creating xmlock/Makefile
config.status:927: creating xglock/Makefile
config.status:927: creating config.h
configure:12417: WARNING: unrecognized options: --enable-flagtype, --enable-allowroot

## ---------------- ##
## Cache variables. ##
## ---------------- ##

ac_cv_build=i686-pc-linux-gnu
ac_cv_c_compiler_gnu=yes
ac_cv_c_const=yes
ac_cv_c_gl1_1=yes
ac_cv_c_inline=inline
ac_cv_c_matherr=yes
ac_cv_c_sigset_t=yes
ac_cv_c_wchar_t=no
ac_cv_cxx_compiler_gnu=yes
ac_cv_env_CCC_set=
ac_cv_env_CCC_value=
ac_cv_env_CC_set=
ac_cv_env_CC_value=
ac_cv_env_CFLAGS_set=set
ac_cv_env_CFLAGS_value='-O2 -g'
ac_cv_env_CPPFLAGS_set=set
ac_cv_env_CPPFLAGS_value=
ac_cv_env_CPP_set=
ac_cv_env_CPP_value=
ac_cv_env_CXXFLAGS_set=set
ac_cv_env_CXXFLAGS_value='-g -O2'
ac_cv_env_CXX_set=
ac_cv_env_CXX_value=
ac_cv_env_LDFLAGS_set=set
ac_cv_env_LDFLAGS_value=
ac_cv_env_LIBS_set=
ac_cv_env_LIBS_value=
ac_cv_env_XMKMF_set=
ac_cv_env_XMKMF_value=
ac_cv_env_build_alias_set=
ac_cv_env_build_alias_value=
ac_cv_env_host_alias_set=
ac_cv_env_host_alias_value=
ac_cv_env_target_alias_set=
ac_cv_env_target_alias_value=
ac_cv_func_connect=yes
ac_cv_func_dlsym=no
ac_cv_func_gethostbyname=yes
ac_cv_func_gethostname=yes
ac_cv_func_remove=yes
ac_cv_func_select=yes
ac_cv_func_seteuid=yes
ac_cv_func_setpriority=yes
ac_cv_func_shmat=yes
ac_cv_func_srand48=yes
ac_cv_func_strdup=yes
ac_cv_func_timelocal=yes
ac_cv_func_tzset=yes
ac_cv_func_usleep=yes
ac_cv_func_vfork=yes
ac_cv_gettimeofday_args=2
ac_cv_have_x='have_x=yes	ac_x_includes='\'''\''	ac_x_libraries='\'''\'''
ac_cv_header_dirent_dirent_h=yes
ac_cv_header_elf_h=yes
ac_cv_header_fcntl_h=yes
ac_cv_header_inttypes_h=yes
ac_cv_header_limits_h=yes
ac_cv_header_memory_h=yes
ac_cv_header_minix_config_h=no
ac_cv_header_stdc=yes
ac_cv_header_stdint_h=yes
ac_cv_header_stdlib_h=yes
ac_cv_header_string_h=yes
ac_cv_header_strings_h=yes
ac_cv_header_sys_param_h=yes
ac_cv_header_sys_select_h=yes
ac_cv_header_sys_stat_h=yes
ac_cv_header_sys_time_h=yes
ac_cv_header_sys_types_h=yes
ac_cv_header_syslog_h=yes
ac_cv_header_time=yes
ac_cv_header_unistd_h=yes
ac_cv_host=i686-pc-linux-gnu
ac_cv_lib_ICE_IceConnectionNumber=yes
ac_cv_objext=o
ac_cv_path_EGREP='/bin/grep -E'
ac_cv_path_GREP=/bin/grep
ac_cv_path_crypt='no_crypt= ac_crypt_libraries=/usr/lib'
ac_cv_path_dpms='no_dpms= ac_dpms_includes=/usr/include ac_dpms_libraries='
ac_cv_path_editres='no_editres= ac_editres_includes=/usr/include ac_editres_libraries=/usr/lib'
ac_cv_path_ext='no_ext= ac_ext_includes=/usr/include ac_ext_libraries=/usr/lib'
ac_cv_path_install='/usr/bin/install -c'
ac_cv_path_mesa='no_mesa= ac_mesa_includes=/usr/include ac_mesa_libraries='
ac_cv_path_opengl='no_opengl= ac_opengl_includes=/usr/include ac_opengl_libraries='
ac_cv_path_xinerama=no_xinerama=yes
ac_cv_path_xpm='no_xpm= ac_xpm_includes=/usr/include ac_xpm_libraries=/usr/lib'
ac_cv_prog_CPP='gcc -Wnested-externs -Wno-format -E'
ac_cv_prog_CXX=g++
ac_cv_prog_ac_ct_CC=gcc
ac_cv_prog_cc_c89=
ac_cv_prog_cc_g=yes
ac_cv_prog_cxx_g=yes
ac_cv_prog_make_make_set=yes
ac_cv_safe_to_define___extensions__=yes
ac_cv_search_opendir='none required'
ac_cv_search_strerror='none required'
ac_cv_struct_tm=time.h
ac_cv_type_mode_t=yes
ac_cv_type_pid_t=yes
ac_cv_type_size_t=yes
ac_cv_type_uid_t=yes
ac_cv_x_app_defaults=/usr/lib/X11/app-defaults

## ----------------- ##
## Output variables. ##
## ----------------- ##

APPDEFAULTS='/usr/lib/X11/app-defaults'
BITMAPDIR='$(top_srcdir)/bitmaps'
BITMAPTYPE='linux'
BOMB=''
CC='gcc -Wnested-externs -Wno-format'
CCC=''
CFLAGS='-O2 -g'
CHECK='#'
CPP='gcc -Wnested-externs -Wno-format -E'
CPPFLAGS=''
CXX='g++'
CXXFLAGS='-g -O2'
DEFS='-DHAVE_CONFIG_H'
DEPEND='makedepend'
DEPEND_DEFINES=''
DEPEND_FLAGS=''
ECHO_C=''
ECHO_N='-n'
ECHO_T=''
EGREP='/bin/grep -E'
EXEEXT=''
FTGL='#'
GL=''
GLTT='#'
GREP='/bin/grep'
GTK_CFLAGS=''
GTK_CONFIG=''
GTK_LIBS=''
INSTALL_DATA='${INSTALL} -m 644'
INSTALL_PROGRAM='${INSTALL}'
INSTALL_SCRIPT='${INSTALL}'
INSTALL_XGLOCK=''
INSTALL_XMLOCK=''
INSTPGMFLAGS='-s -g shadow -m 2111'
INTERACTIVE='#'
LDFLAGS=''
LIBOBJS=''
LIBS=''
LINT=''
LN_S='ln -s'
LTLIBOBJS=''
MODULEFLAGS=''
MODULES='#'
NOMODULES=''
OBJEXT='o'
OSF1_ENH_SEC=''
PACKAGE='xlockmore'
PACKAGE_BUGREPORT=''
PACKAGE_NAME=''
PACKAGE_STRING=''
PACKAGE_TARNAME=''
PACKAGE_URL=''
PACKAGE_VERSION=''
PATH_SEPARATOR=':'
PIXMAPDIR='$(top_srcdir)/pixmaps'
PIXMAPTYPE='linux'
PURIFY=''
SET_MAKE=''
SHELL='/bin/bash'
UNINSTALL_XGLOCK=''
UNINSTALL_XMLOCK=''
UNSTABLE='#'
VERSION='5.30'
XGLOCK=''
XGLOCKDIR=''
XGLOCKINC=''
XGLOCKLDFLAGS=''
XGLOCKLIBS='  '
XLIBS=''
XLOCKINC=' -I/usr/include -I/usr/include -I/usr/include -I/usr/include'
XLOCKLDFLAGS=''
XLOCKLIBS=' -L/usr/lib -L/usr/lib  -lSM -lICE   -lXmu -lXpm -lGL -lGLU -lXext -lcrypt -lpam -ldl -lX11 -lXext -lm'
XMKMF=''
XMLOCK=''
XMLOCKINC=' -I/usr/include'
XMLOCKLDFLAGS=''
XMLOCKLIBS=' -L/usr/lib -L/usr/lib -lXpm -lXmu -lXt  -lX11'
XPM=''
X_CFLAGS=''
X_EXTRA_LIBS=''
X_LIBS=''
X_PRE_LIBS=' -lSM -lICE'
ac_ct_CC='gcc'
ac_ct_CXX=''
bindir='${exec_prefix}/bin'
build='i686-pc-linux-gnu'
build_alias=''
build_cpu='i686'
build_os='linux-gnu'
build_vendor='pc'
datadir='${datarootdir}'
datarootdir='${prefix}/share'
docdir='${datarootdir}/doc/${PACKAGE}'
dvidir='${docdir}'
exec_prefix='${prefix}'
host='i686-pc-linux-gnu'
host_alias=''
host_cpu='i686'
host_os='linux-gnu'
host_vendor='pc'
htmldir='${docdir}'
includedir='${prefix}/include'
infodir='${datarootdir}/info'
krb5_config=''
libdir='${exec_prefix}/lib'
libexecdir='${exec_prefix}/libexec'
localedir='${datarootdir}/locale'
localstatedir='${prefix}/var'
mandir='/share/man'
oldincludedir='/usr/include'
pdfdir='${docdir}'
pkg_config=''
prefix='/usr'
program_transform_name='s,x,x,'
psdir='${docdir}'
sbindir='${exec_prefix}/sbin'
sharedstatedir='${prefix}/com'
sysconfdir='${prefix}/etc'
target_alias=''

## ----------- ##
## confdefs.h. ##
## ----------- ##

/* confdefs.h */
#define PACKAGE_NAME ""
#define PACKAGE_TARNAME ""
#define PACKAGE_VERSION ""
#define PACKAGE_STRING ""
#define PACKAGE_BUGREPORT ""
#define PACKAGE_URL ""
#define HAVE_CXX 1
#define PACKAGE "xlockmore"
#define VERSION "5.30"
#define STDC_HEADERS 1
#define HAVE_SYS_TYPES_H 1
#define HAVE_SYS_STAT_H 1
#define HAVE_STDLIB_H 1
#define HAVE_STRING_H 1
#define HAVE_MEMORY_H 1
#define HAVE_STRINGS_H 1
#define HAVE_INTTYPES_H 1
#define HAVE_STDINT_H 1
#define HAVE_UNISTD_H 1
#define __EXTENSIONS__ 1
#define _ALL_SOURCE 1
#define _GNU_SOURCE 1
#define _POSIX_PTHREAD_SEMANTICS 1
#define _TANDEM_SOURCE 1
#define HAVE_FCNTL_H 1
#define HAVE_LIMITS_H 1
#define HAVE_SYS_SELECT_H 1
#define HAVE_SYS_TIME_H 1
#define HAVE_SYSLOG_H 1
#define HAVE_UNISTD_H 1
#define HAVE_MEMORY_H 1
#define HAVE_SYS_PARAM_H 1
#define TIME_WITH_SYS_TIME 1
#define DECLARED_GETENV 1
#define HAVE_GETHOSTNAME 1
#define HAVE_SELECT 1
#define HAVE_STRDUP 1
#define HAVE_SETPRIORITY 1
#define HAVE_VFORK 1
#define HAVE_SETEUID 1
#define USE_XMU 1
#define HAVE_XPM 1
#define USE_GL 1
#define HAVE_GLBINDTEXTURE 1
#define USE_EXT 1
#define USE_DPMS 1
#define HAVE_SHADOW 1
#define linux 1
#define _POSIX_SOURCE 1
#define _BSD_SOURCE 1
#define _GNU_SOURCE 1
#define HAVE_DIRENT_H 1
#define HAVE_USLEEP 1
#define HAVE_GETTIMEOFDAY 1
#define GETTIMEOFDAY_TWO_ARGS 1
#define HAVE_TZSET 1
#define HAVE_TIMELOCAL 1
#define HAVE_RAND48 1
#define DECLARED_SRAND48 1
#define USE_MATHERR 1
#define USE_VROOT 1
#define ALWAYS_ALLOW_ROOT 1
#define USE_SYSLOG 1
#define USE_BUTTON_LOGOUT 10
#define USE_BOMB 1
#define STAFF_FILE "/etc/xlock.staff"
#define USE_PAM 1
#define BAD_PAM 1

configure: exit 0
