This file contains any messages produced by compilers while
running configure, to aid debugging if configure makes a mistake.

It was created by configure, which was
generated by GNU Autoconf 2.69.  Invocation command line was

  $ ./configure --prefix=/usr --mandir=/share/man --with-xpm --with-mesa --with-opengl --without-motif --without-dtsaver --without-rplay --without-nas --without-esound --without-ttf --without-gltt --without-freetype --without-ftgl --without-gtk --enable-flagtype=debian --enable-button-logout=-1 --enable-staff-file=/etc/xlock.staff --enable-syslog --enable-allowroot --enable-pam --enable-bad-pam

## --------- ##
## Platform. ##
## --------- ##

hostname = glen
uname -m = x86_64
uname -r = 3.8.8g+
uname -s = Linux
uname -v = #2 SMP Wed Apr 17 13:48:17 CEST 2013

/usr/bin/uname -p = unknown
/bin/uname -X     = unknown

/bin/arch              = unknown
/usr/bin/arch -k       = unknown
/usr/convex/getsysinfo = unknown
/usr/bin/hostinfo      = unknown
/bin/machine           = unknown
/usr/bin/oslevel       = unknown
/bin/universe          = unknown

PATH: /usr/sbin
PATH: /usr/bin
PATH: /sbin
PATH: /bin
PATH: /usr/bin/X11


## ----------- ##
## Core tests. ##
## ----------- ##

configure:2489: checking build system type
configure:2503: result: x86_64-unknown-linux-gnu
configure:2523: checking host system type
configure:2536: result: x86_64-unknown-linux-gnu
configure:2606: checking for gcc
configure:2622: found /usr/bin/gcc
configure:2633: result: gcc
configure:2862: checking for C compiler version
configure:2871: gcc --version >&5
gcc (Ubuntu 4.8.0-4ubuntu1) 4.8.0
Copyright (C) 2013 Free Software Foundation, Inc.
This is free software; see the source for copying conditions.  There is NO
warranty; not even for MERCHANTABILITY or FITNESS FOR A PARTICULAR PURPOSE.

configure:2882: $? = 0
configure:2871: gcc -v >&5
Using built-in specs.
COLLECT_GCC=gcc
COLLECT_LTO_WRAPPER=/usr/lib/gcc/x86_64-linux-gnu/4.8/lto-wrapper
Target: x86_64-linux-gnu
Configured with: ../src/configure -v --with-pkgversion='Ubuntu 4.8.0-4ubuntu1' --with-bugurl=file:///usr/share/doc/gcc-4.8/README.Bugs --enable-languages=c,c++,go,fortran,objc,obj-c++ --prefix=/usr --program-suffix=-4.8 --enable-shared --enable-linker-build-id --libexecdir=/usr/lib --without-included-gettext --enable-threads=posix --with-gxx-include-dir=/usr/include/c++/4.8 --libdir=/usr/lib --enable-nls --with-sysroot=/ --enable-clocale=gnu --enable-libstdcxx-debug --enable-libstdcxx-time=yes --enable-gnu-unique-object --enable-plugin --with-system-zlib --enable-objc-gc --enable-multiarch --disable-werror --with-arch-32=i686 --with-abi=m64 --with-multilib-list=m32,m64,mx32 --with-tune=generic --enable-checking=release --build=x86_64-linux-gnu --host=x86_64-linux-gnu --target=x86_64-linux-gnu
Thread model: posix
gcc version 4.8.0 (Ubuntu 4.8.0-4ubuntu1) 
configure:2882: $? = 0
configure:2871: gcc -V >&5
gcc: error: unrecognized command line option '-V'
gcc: fatal error: no input files
compilation terminated.
configure:2882: $? = 4
configure:2871: gcc -qversion >&5
gcc: error: unrecognized command line option '-qversion'
gcc: fatal error: no input files
compilation terminated.
configure:2882: $? = 4
configure:2902: checking whether the C compiler works
configure:2924: gcc -O2 -g   conftest.c  >&5
configure:2928: $? = 0
configure:2976: result: yes
configure:2979: checking for C compiler default output file name
configure:2981: result: a.out
configure:2987: checking for suffix of executables
configure:2994: gcc -o conftest -O2 -g   conftest.c  >&5
configure:2998: $? = 0
configure:3020: result: 
configure:3042: checking whether we are cross compiling
configure:3050: gcc -o conftest -O2 -g   conftest.c  >&5
configure:3054: $? = 0
configure:3061: ./conftest
configure:3065: $? = 0
configure:3080: result: no
configure:3085: checking for suffix of object files
configure:3107: gcc -c -O2 -g  conftest.c >&5
configure:3111: $? = 0
configure:3132: result: o
configure:3136: checking whether we are using the GNU C compiler
configure:3155: gcc -c -O2 -g  conftest.c >&5
configure:3155: $? = 0
configure:3164: result: yes
configure:3173: checking whether gcc accepts -g
configure:3193: gcc -c -g  conftest.c >&5
configure:3193: $? = 0
configure:3234: result: yes
configure:3251: checking for gcc option to accept ISO C89
configure:3314: gcc  -c -O2 -g  conftest.c >&5
configure:3314: $? = 0
configure:3327: result: none needed
configure:3352: checking for g++
configure:3368: found /usr/bin/g++
configure:3379: result: g++
configure:3548: checking for C++ compiler version
configure:3557: g++ --version >&5
g++ (Ubuntu 4.8.0-4ubuntu1) 4.8.0
Copyright (C) 2013 Free Software Foundation, Inc.
This is free software; see the source for copying conditions.  There is NO
warranty; not even for MERCHANTABILITY or FITNESS FOR A PARTICULAR PURPOSE.

configure:3568: $? = 0
configure:3557: g++ -v >&5
Using built-in specs.
COLLECT_GCC=g++
COLLECT_LTO_WRAPPER=/usr/lib/gcc/x86_64-linux-gnu/4.8/lto-wrapper
Target: x86_64-linux-gnu
Configured with: ../src/configure -v --with-pkgversion='Ubuntu 4.8.0-4ubuntu1' --with-bugurl=file:///usr/share/doc/gcc-4.8/README.Bugs --enable-languages=c,c++,go,fortran,objc,obj-c++ --prefix=/usr --program-suffix=-4.8 --enable-shared --enable-linker-build-id --libexecdir=/usr/lib --without-included-gettext --enable-threads=posix --with-gxx-include-dir=/usr/include/c++/4.8 --libdir=/usr/lib --enable-nls --with-sysroot=/ --enable-clocale=gnu --enable-libstdcxx-debug --enable-libstdcxx-time=yes --enable-gnu-unique-object --enable-plugin --with-system-zlib --enable-objc-gc --enable-multiarch --disable-werror --with-arch-32=i686 --with-abi=m64 --with-multilib-list=m32,m64,mx32 --with-tune=generic --enable-checking=release --build=x86_64-linux-gnu --host=x86_64-linux-gnu --target=x86_64-linux-gnu
Thread model: posix
gcc version 4.8.0 (Ubuntu 4.8.0-4ubuntu1) 
configure:3568: $? = 0
configure:3557: g++ -V >&5
g++: error: unrecognized command line option '-V'
g++: fatal error: no input files
compilation terminated.
configure:3568: $? = 4
configure:3557: g++ -qversion >&5
g++: error: unrecognized command line option '-qversion'
g++: fatal error: no input files
compilation terminated.
configure:3568: $? = 4
configure:3572: checking whether we are using the GNU C++ compiler
configure:3591: g++ -c -march=native  conftest.cpp >&5
configure:3591: $? = 0
configure:3600: result: yes
configure:3609: checking whether g++ accepts -g
configure:3629: g++ -c -g  conftest.cpp >&5
configure:3629: $? = 0
configure:3670: result: yes
configure:3718: result: Turning on GNU compiler warnings.
configure:3755: checking whether ln -s works
configure:3759: result: yes
configure:3771: checking how to run the C preprocessor
configure:3802: gcc -Wnested-externs -Wno-format -E  conftest.c
configure:3802: $? = 0
configure:3816: gcc -Wnested-externs -Wno-format -E  conftest.c
conftest.c:12:28: fatal error: ac_nonexistent.h: No such file or directory
 #include <ac_nonexistent.h>
                            ^
compilation terminated.
configure:3816: $? = 1
configure: failed program was:
| /* confdefs.h */
| #define PACKAGE_NAME ""
| #define PACKAGE_TARNAME ""
| #define PACKAGE_VERSION ""
| #define PACKAGE_STRING ""
| #define PACKAGE_BUGREPORT ""
| #define PACKAGE_URL ""
| #define HAVE_CXX 1
| #define PACKAGE "xlockmore"
| #define VERSION "5.42ALPHA04"
| /* end confdefs.h.  */
| #include <ac_nonexistent.h>
configure:3841: result: gcc -Wnested-externs -Wno-format -E
configure:3861: gcc -Wnested-externs -Wno-format -E  conftest.c
configure:3861: $? = 0
configure:3875: gcc -Wnested-externs -Wno-format -E  conftest.c
conftest.c:12:28: fatal error: ac_nonexistent.h: No such file or directory
 #include <ac_nonexistent.h>
                            ^
compilation terminated.
configure:3875: $? = 1
configure: failed program was:
| /* confdefs.h */
| #define PACKAGE_NAME ""
| #define PACKAGE_TARNAME ""
| #define PACKAGE_VERSION ""
| #define PACKAGE_STRING ""
| #define PACKAGE_BUGREPORT ""
| #define PACKAGE_URL ""
| #define HAVE_CXX 1
| #define PACKAGE "xlockmore"
| #define VERSION "5.42ALPHA04"
| /* end confdefs.h.  */
| #include <ac_nonexistent.h>
configure:3905: checking for grep that handles long lines and -e
configure:3963: result: /bin/grep
configure:3968: checking for egrep
configure:4030: result: /bin/grep -E
configure:4035: checking for ANSI C header files
configure:4055: gcc -Wnested-externs -Wno-format -c -O2 -g  conftest.c >&5
configure:4055: $? = 0
configure:4128: gcc -Wnested-externs -Wno-format -o conftest -O2 -g   conftest.c  >&5
configure:4128: $? = 0
configure:4128: ./conftest
configure:4128: $? = 0
configure:4139: result: yes
configure:4152: checking for sys/types.h
configure:4152: gcc -Wnested-externs -Wno-format -c -O2 -g  conftest.c >&5
configure:4152: $? = 0
configure:4152: result: yes
configure:4152: checking for sys/stat.h
configure:4152: gcc -Wnested-externs -Wno-format -c -O2 -g  conftest.c >&5
configure:4152: $? = 0
configure:4152: result: yes
configure:4152: checking for stdlib.h
configure:4152: gcc -Wnested-externs -Wno-format -c -O2 -g  conftest.c >&5
configure:4152: $? = 0
configure:4152: result: yes
configure:4152: checking for string.h
configure:4152: gcc -Wnested-externs -Wno-format -c -O2 -g  conftest.c >&5
configure:4152: $? = 0
configure:4152: result: yes
configure:4152: checking for memory.h
configure:4152: gcc -Wnested-externs -Wno-format -c -O2 -g  conftest.c >&5
configure:4152: $? = 0
configure:4152: result: yes
configure:4152: checking for strings.h
configure:4152: gcc -Wnested-externs -Wno-format -c -O2 -g  conftest.c >&5
configure:4152: $? = 0
configure:4152: result: yes
configure:4152: checking for inttypes.h
configure:4152: gcc -Wnested-externs -Wno-format -c -O2 -g  conftest.c >&5
configure:4152: $? = 0
configure:4152: result: yes
configure:4152: checking for stdint.h
configure:4152: gcc -Wnested-externs -Wno-format -c -O2 -g  conftest.c >&5
configure:4152: $? = 0
configure:4152: result: yes
configure:4152: checking for unistd.h
configure:4152: gcc -Wnested-externs -Wno-format -c -O2 -g  conftest.c >&5
configure:4152: $? = 0
configure:4152: result: yes
configure:4165: checking minix/config.h usability
configure:4165: gcc -Wnested-externs -Wno-format -c -O2 -g  conftest.c >&5
conftest.c:55:26: fatal error: minix/config.h: No such file or directory
 #include <minix/config.h>
                          ^
compilation terminated.
configure:4165: $? = 1
configure: failed program was:
| /* confdefs.h */
| #define PACKAGE_NAME ""
| #define PACKAGE_TARNAME ""
| #define PACKAGE_VERSION ""
| #define PACKAGE_STRING ""
| #define PACKAGE_BUGREPORT ""
| #define PACKAGE_URL ""
| #define HAVE_CXX 1
| #define PACKAGE "xlockmore"
| #define VERSION "5.42ALPHA04"
| #define STDC_HEADERS 1
| #define HAVE_SYS_TYPES_H 1
| #define HAVE_SYS_STAT_H 1
| #define HAVE_STDLIB_H 1
| #define HAVE_STRING_H 1
| #define HAVE_MEMORY_H 1
| #define HAVE_STRINGS_H 1
| #define HAVE_INTTYPES_H 1
| #define HAVE_STDINT_H 1
| #define HAVE_UNISTD_H 1
| /* end confdefs.h.  */
| #include <stdio.h>
| #ifdef HAVE_SYS_TYPES_H
| # include <sys/types.h>
| #endif
| #ifdef HAVE_SYS_STAT_H
| # include <sys/stat.h>
| #endif
| #ifdef STDC_HEADERS
| # include <stdlib.h>
| # include <stddef.h>
| #else
| # ifdef HAVE_STDLIB_H
| #  include <stdlib.h>
| # endif
| #endif
| #ifdef HAVE_STRING_H
| # if !defined STDC_HEADERS && defined HAVE_MEMORY_H
| #  include <memory.h>
| # endif
| # include <string.h>
| #endif
| #ifdef HAVE_STRINGS_H
| # include <strings.h>
| #endif
| #ifdef HAVE_INTTYPES_H
| # include <inttypes.h>
| #endif
| #ifdef HAVE_STDINT_H
| # include <stdint.h>
| #endif
| #ifdef HAVE_UNISTD_H
| # include <unistd.h>
| #endif
| #include <minix/config.h>
configure:4165: result: no
configure:4165: checking minix/config.h presence
configure:4165: gcc -Wnested-externs -Wno-format -E  conftest.c
conftest.c:22:26: fatal error: minix/config.h: No such file or directory
 #include <minix/config.h>
                          ^
compilation terminated.
configure:4165: $? = 1
configure: failed program was:
| /* confdefs.h */
| #define PACKAGE_NAME ""
| #define PACKAGE_TARNAME ""
| #define PACKAGE_VERSION ""
| #define PACKAGE_STRING ""
| #define PACKAGE_BUGREPORT ""
| #define PACKAGE_URL ""
| #define HAVE_CXX 1
| #define PACKAGE "xlockmore"
| #define VERSION "5.42ALPHA04"
| #define STDC_HEADERS 1
| #define HAVE_SYS_TYPES_H 1
| #define HAVE_SYS_STAT_H 1
| #define HAVE_STDLIB_H 1
| #define HAVE_STRING_H 1
| #define HAVE_MEMORY_H 1
| #define HAVE_STRINGS_H 1
| #define HAVE_INTTYPES_H 1
| #define HAVE_STDINT_H 1
| #define HAVE_UNISTD_H 1
| /* end confdefs.h.  */
| #include <minix/config.h>
configure:4165: result: no
configure:4165: checking for minix/config.h
configure:4165: result: no
configure:4186: checking whether it is safe to define __EXTENSIONS__
configure:4204: gcc -Wnested-externs -Wno-format -c -O2 -g  conftest.c >&5
configure:4204: $? = 0
configure:4211: result: yes
configure:4240: checking for a BSD-compatible install
configure:4308: result: /usr/bin/install -c
configure:4319: checking whether make sets $(MAKE)
configure:4341: result: yes
configure:4352: checking test -h
configure:4356: result: -h
configure:4364: checking for library containing strerror
configure:4395: gcc -Wnested-externs -Wno-format -o conftest -O2 -g   conftest.c  >&5
configure:4395: $? = 0
configure:4412: result: none required
configure:4423: checking fcntl.h usability
configure:4423: gcc -Wnested-externs -Wno-format -c -O2 -g  conftest.c >&5
configure:4423: $? = 0
configure:4423: result: yes
configure:4423: checking fcntl.h presence
configure:4423: gcc -Wnested-externs -Wno-format -E  conftest.c
configure:4423: $? = 0
configure:4423: result: yes
configure:4423: checking for fcntl.h
configure:4423: result: yes
configure:4423: checking limits.h usability
configure:4423: gcc -Wnested-externs -Wno-format -c -O2 -g  conftest.c >&5
configure:4423: $? = 0
configure:4423: result: yes
configure:4423: checking limits.h presence
configure:4423: gcc -Wnested-externs -Wno-format -E  conftest.c
configure:4423: $? = 0
configure:4423: result: yes
configure:4423: checking for limits.h
configure:4423: result: yes
configure:4423: checking sys/select.h usability
configure:4423: gcc -Wnested-externs -Wno-format -c -O2 -g  conftest.c >&5
configure:4423: $? = 0
configure:4423: result: yes
configure:4423: checking sys/select.h presence
configure:4423: gcc -Wnested-externs -Wno-format -E  conftest.c
configure:4423: $? = 0
configure:4423: result: yes
configure:4423: checking for sys/select.h
configure:4423: result: yes
configure:4423: checking sys/time.h usability
configure:4423: gcc -Wnested-externs -Wno-format -c -O2 -g  conftest.c >&5
configure:4423: $? = 0
configure:4423: result: yes
configure:4423: checking sys/time.h presence
configure:4423: gcc -Wnested-externs -Wno-format -E  conftest.c
configure:4423: $? = 0
configure:4423: result: yes
configure:4423: checking for sys/time.h
configure:4423: result: yes
configure:4423: checking syslog.h usability
configure:4423: gcc -Wnested-externs -Wno-format -c -O2 -g  conftest.c >&5
configure:4423: $? = 0
configure:4423: result: yes
configure:4423: checking syslog.h presence
configure:4423: gcc -Wnested-externs -Wno-format -E  conftest.c
configure:4423: $? = 0
configure:4423: result: yes
configure:4423: checking for syslog.h
configure:4423: result: yes
configure:4423: checking for unistd.h
configure:4423: result: yes
configure:4423: checking for memory.h
configure:4423: result: yes
configure:4423: checking sys/param.h usability
configure:4423: gcc -Wnested-externs -Wno-format -c -O2 -g  conftest.c >&5
configure:4423: $? = 0
configure:4423: result: yes
configure:4423: checking sys/param.h presence
configure:4423: gcc -Wnested-externs -Wno-format -E  conftest.c
configure:4423: $? = 0
configure:4423: result: yes
configure:4423: checking for sys/param.h
configure:4423: result: yes
configure:4434: checking for an ANSI C-conforming const
configure:4500: gcc -Wnested-externs -Wno-format -c -O2 -g  conftest.c >&5
configure:4500: $? = 0
configure:4507: result: yes
configure:4515: checking for mode_t
configure:4515: gcc -Wnested-externs -Wno-format -c -O2 -g  conftest.c >&5
configure:4515: $? = 0
configure:4515: gcc -Wnested-externs -Wno-format -c -O2 -g  conftest.c >&5
conftest.c: In function 'main':
conftest.c:71:21: error: expected expression before ')' token
 if (sizeof ((mode_t)))
                     ^
configure:4515: $? = 1
configure: failed program was:
| /* confdefs.h */
| #define PACKAGE_NAME ""
| #define PACKAGE_TARNAME ""
| #define PACKAGE_VERSION ""
| #define PACKAGE_STRING ""
| #define PACKAGE_BUGREPORT ""
| #define PACKAGE_URL ""
| #define HAVE_CXX 1
| #define PACKAGE "xlockmore"
| #define VERSION "5.42ALPHA04"
| #define STDC_HEADERS 1
| #define HAVE_SYS_TYPES_H 1
| #define HAVE_SYS_STAT_H 1
| #define HAVE_STDLIB_H 1
| #define HAVE_STRING_H 1
| #define HAVE_MEMORY_H 1
| #define HAVE_STRINGS_H 1
| #define HAVE_INTTYPES_H 1
| #define HAVE_STDINT_H 1
| #define HAVE_UNISTD_H 1
| #define __EXTENSIONS__ 1
| #define _ALL_SOURCE 1
| #define _GNU_SOURCE 1
| #define _POSIX_PTHREAD_SEMANTICS 1
| #define _TANDEM_SOURCE 1
| #define HAVE_FCNTL_H 1
| #define HAVE_LIMITS_H 1
| #define HAVE_SYS_SELECT_H 1
| #define HAVE_SYS_TIME_H 1
| #define HAVE_SYSLOG_H 1
| #define HAVE_UNISTD_H 1
| #define HAVE_MEMORY_H 1
| #define HAVE_SYS_PARAM_H 1
| /* end confdefs.h.  */
| #include <stdio.h>
| #ifdef HAVE_SYS_TYPES_H
| # include <sys/types.h>
| #endif
| #ifdef HAVE_SYS_STAT_H
| # include <sys/stat.h>
| #endif
| #ifdef STDC_HEADERS
| # include <stdlib.h>
| # include <stddef.h>
| #else
| # ifdef HAVE_STDLIB_H
| #  include <stdlib.h>
| # endif
| #endif
| #ifdef HAVE_STRING_H
| # if !defined STDC_HEADERS && defined HAVE_MEMORY_H
| #  include <memory.h>
| # endif
| # include <string.h>
| #endif
| #ifdef HAVE_STRINGS_H
| # include <strings.h>
| #endif
| #ifdef HAVE_INTTYPES_H
| # include <inttypes.h>
| #endif
| #ifdef HAVE_STDINT_H
| # include <stdint.h>
| #endif
| #ifdef HAVE_UNISTD_H
| # include <unistd.h>
| #endif
| int
| main ()
| {
| if (sizeof ((mode_t)))
| 	    return 0;
|   ;
|   return 0;
| }
configure:4515: result: yes
configure:4526: checking for uid_t in sys/types.h
configure:4545: result: yes
configure:4556: checking for pid_t
configure:4556: gcc -Wnested-externs -Wno-format -c -O2 -g  conftest.c >&5
configure:4556: $? = 0
configure:4556: gcc -Wnested-externs -Wno-format -c -O2 -g  conftest.c >&5
conftest.c: In function 'main':
conftest.c:71:20: error: expected expression before ')' token
 if (sizeof ((pid_t)))
                    ^
configure:4556: $? = 1
configure: failed program was:
| /* confdefs.h */
| #define PACKAGE_NAME ""
| #define PACKAGE_TARNAME ""
| #define PACKAGE_VERSION ""
| #define PACKAGE_STRING ""
| #define PACKAGE_BUGREPORT ""
| #define PACKAGE_URL ""
| #define HAVE_CXX 1
| #define PACKAGE "xlockmore"
| #define VERSION "5.42ALPHA04"
| #define STDC_HEADERS 1
| #define HAVE_SYS_TYPES_H 1
| #define HAVE_SYS_STAT_H 1
| #define HAVE_STDLIB_H 1
| #define HAVE_STRING_H 1
| #define HAVE_MEMORY_H 1
| #define HAVE_STRINGS_H 1
| #define HAVE_INTTYPES_H 1
| #define HAVE_STDINT_H 1
| #define HAVE_UNISTD_H 1
| #define __EXTENSIONS__ 1
| #define _ALL_SOURCE 1
| #define _GNU_SOURCE 1
| #define _POSIX_PTHREAD_SEMANTICS 1
| #define _TANDEM_SOURCE 1
| #define HAVE_FCNTL_H 1
| #define HAVE_LIMITS_H 1
| #define HAVE_SYS_SELECT_H 1
| #define HAVE_SYS_TIME_H 1
| #define HAVE_SYSLOG_H 1
| #define HAVE_UNISTD_H 1
| #define HAVE_MEMORY_H 1
| #define HAVE_SYS_PARAM_H 1
| /* end confdefs.h.  */
| #include <stdio.h>
| #ifdef HAVE_SYS_TYPES_H
| # include <sys/types.h>
| #endif
| #ifdef HAVE_SYS_STAT_H
| # include <sys/stat.h>
| #endif
| #ifdef STDC_HEADERS
| # include <stdlib.h>
| # include <stddef.h>
| #else
| # ifdef HAVE_STDLIB_H
| #  include <stdlib.h>
| # endif
| #endif
| #ifdef HAVE_STRING_H
| # if !defined STDC_HEADERS && defined HAVE_MEMORY_H
| #  include <memory.h>
| # endif
| # include <string.h>
| #endif
| #ifdef HAVE_STRINGS_H
| # include <strings.h>
| #endif
| #ifdef HAVE_INTTYPES_H
| # include <inttypes.h>
| #endif
| #ifdef HAVE_STDINT_H
| # include <stdint.h>
| #endif
| #ifdef HAVE_UNISTD_H
| # include <unistd.h>
| #endif
| int
| main ()
| {
| if (sizeof ((pid_t)))
| 	    return 0;
|   ;
|   return 0;
| }
configure:4556: result: yes
configure:4567: checking for size_t
configure:4567: gcc -Wnested-externs -Wno-format -c -O2 -g  conftest.c >&5
configure:4567: $? = 0
configure:4567: gcc -Wnested-externs -Wno-format -c -O2 -g  conftest.c >&5
conftest.c: In function 'main':
conftest.c:71:21: error: expected expression before ')' token
 if (sizeof ((size_t)))
                     ^
configure:4567: $? = 1
configure: failed program was:
| /* confdefs.h */
| #define PACKAGE_NAME ""
| #define PACKAGE_TARNAME ""
| #define PACKAGE_VERSION ""
| #define PACKAGE_STRING ""
| #define PACKAGE_BUGREPORT ""
| #define PACKAGE_URL ""
| #define HAVE_CXX 1
| #define PACKAGE "xlockmore"
| #define VERSION "5.42ALPHA04"
| #define STDC_HEADERS 1
| #define HAVE_SYS_TYPES_H 1
| #define HAVE_SYS_STAT_H 1
| #define HAVE_STDLIB_H 1
| #define HAVE_STRING_H 1
| #define HAVE_MEMORY_H 1
| #define HAVE_STRINGS_H 1
| #define HAVE_INTTYPES_H 1
| #define HAVE_STDINT_H 1
| #define HAVE_UNISTD_H 1
| #define __EXTENSIONS__ 1
| #define _ALL_SOURCE 1
| #define _GNU_SOURCE 1
| #define _POSIX_PTHREAD_SEMANTICS 1
| #define _TANDEM_SOURCE 1
| #define HAVE_FCNTL_H 1
| #define HAVE_LIMITS_H 1
| #define HAVE_SYS_SELECT_H 1
| #define HAVE_SYS_TIME_H 1
| #define HAVE_SYSLOG_H 1
| #define HAVE_UNISTD_H 1
| #define HAVE_MEMORY_H 1
| #define HAVE_SYS_PARAM_H 1
| /* end confdefs.h.  */
| #include <stdio.h>
| #ifdef HAVE_SYS_TYPES_H
| # include <sys/types.h>
| #endif
| #ifdef HAVE_SYS_STAT_H
| # include <sys/stat.h>
| #endif
| #ifdef STDC_HEADERS
| # include <stdlib.h>
| # include <stddef.h>
| #else
| # ifdef HAVE_STDLIB_H
| #  include <stdlib.h>
| # endif
| #endif
| #ifdef HAVE_STRING_H
| # if !defined STDC_HEADERS && defined HAVE_MEMORY_H
| #  include <memory.h>
| # endif
| # include <string.h>
| #endif
| #ifdef HAVE_STRINGS_H
| # include <strings.h>
| #endif
| #ifdef HAVE_INTTYPES_H
| # include <inttypes.h>
| #endif
| #ifdef HAVE_STDINT_H
| # include <stdint.h>
| #endif
| #ifdef HAVE_UNISTD_H
| # include <unistd.h>
| #endif
| int
| main ()
| {
| if (sizeof ((size_t)))
| 	    return 0;
|   ;
|   return 0;
| }
configure:4567: result: yes
configure:4578: checking whether time.h and sys/time.h may both be included
configure:4598: gcc -Wnested-externs -Wno-format -c -O2 -g  conftest.c >&5
configure:4598: $? = 0
configure:4605: result: yes
configure:4613: checking whether struct tm is in sys/time.h or time.h
configure:4633: gcc -Wnested-externs -Wno-format -c -O2 -g  conftest.c >&5
configure:4633: $? = 0
configure:4640: result: time.h
configure:4649: checking for getenv declaration
configure:4659: result: yes
configure:4671: checking for gethostname
configure:4671: gcc -Wnested-externs -Wno-format -o conftest -O2 -g   conftest.c  >&5
configure:4671: $? = 0
configure:4671: result: yes
configure:4671: checking for select
configure:4671: gcc -Wnested-externs -Wno-format -o conftest -O2 -g   conftest.c  >&5
configure:4671: $? = 0
configure:4671: result: yes
configure:4671: checking for strdup
configure:4671: gcc -Wnested-externs -Wno-format -o conftest -O2 -g   conftest.c  >&5
conftest.c:62:6: warning: conflicting types for built-in function 'strdup' [enabled by default]
 char strdup ();
      ^
configure:4671: $? = 0
configure:4671: result: yes
configure:4681: checking for setpriority
configure:4681: gcc -Wnested-externs -Wno-format -o conftest -O2 -g   conftest.c  >&5
configure:4681: $? = 0
configure:4681: result: yes
configure:4687: checking for vfork
configure:4687: gcc -Wnested-externs -Wno-format -o conftest -O2 -g   conftest.c  >&5
configure:4687: $? = 0
configure:4687: result: yes
configure:4693: checking for seteuid
configure:4693: gcc -Wnested-externs -Wno-format -o conftest -O2 -g   conftest.c  >&5
configure:4693: $? = 0
configure:4693: result: yes
configure:4713: checking for X
configure:4852: gcc -Wnested-externs -Wno-format -o conftest -O2 -g   conftest.c -lX11  >&5
configure:4852: $? = 0
configure:4902: result: libraries , headers 
configure:5001: gcc -Wnested-externs -Wno-format -o conftest -O2 -g   conftest.c   -lX11 >&5
configure:5001: $? = 0
configure:5099: checking for gethostbyname
configure:5099: gcc -Wnested-externs -Wno-format -o conftest -O2 -g   conftest.c  >&5
configure:5099: $? = 0
configure:5099: result: yes
configure:5196: checking for connect
configure:5196: gcc -Wnested-externs -Wno-format -o conftest -O2 -g   conftest.c  >&5
configure:5196: $? = 0
configure:5196: result: yes
configure:5245: checking for remove
configure:5245: gcc -Wnested-externs -Wno-format -o conftest -O2 -g   conftest.c  >&5
configure:5245: $? = 0
configure:5245: result: yes
configure:5294: checking for shmat
configure:5294: gcc -Wnested-externs -Wno-format -o conftest -O2 -g   conftest.c  >&5
configure:5294: $? = 0
configure:5294: result: yes
configure:5352: checking for IceConnectionNumber in -lICE
configure:5377: gcc -Wnested-externs -Wno-format -o conftest -O2 -g   conftest.c -lICE   >&5
configure:5377: $? = 0
configure:5386: result: yes
configure:5438: checking for X app-defaults directory
configure:5600: result: /usr/lib/X11/app-defaults
configure:5656: checking for Motif
configure:5835: result: no
configure:5869: checking for Editres
configure:6053: result: libraries , headers /usr/include
configure:6075: checking for XPM
configure:6259: result: libraries , headers /usr/include
configure:6282: checking for MAGICK
configure:6379: result: no Magick-config
configure:6417: checking for GLTT
configure:6588: result: no
configure:6622: checking for TTF
configure:6793: result: no
configure:6838: checking for FTGL
configure:7009: result: no
configure:7043: checking for FREETYPE2
configure:7215: result: no
configure:7260: checking for OpenGL (OK if this is Mesa)
configure:7453: result: libraries , headers /usr/include
configure:7475: checking for Mesa
configure:7792: result: ignored - using OpenGL
configure:7810: checking for GL >=1.1
configure:7835: gcc -Wnested-externs -Wno-format -o conftest -O2 -g  -I/usr/include -I/usr/include   conftest.c   -lSM -lICE   -lXmu -lXpm -lGL -lGLU -lX11 -lXext -lm >&5
configure:7835: $? = 0
configure:7846: result: yes
configure:7859: checking for DtSaver
configure:7922: result: no
configure:7952: checking for EXT
configure:8143: result: libraries , headers /usr/include
configure:8160: checking for DPMS
configure:8351: result: libraries , headers /usr/include
configure:8373: checking for XINERAMA
configure:8556: result: libraries , headers /usr/include
configure:8579: checking for RPLAY
configure:8666: result: no
configure:8696: checking for ESOUND
configure:8797: result: no
configure:8849: checking for NAS
configure:8936: result: no
configure:8982: checking for CRYPT
configure:9036: result: no
configure:9063: checking for pkg-config
configure:9081: found /usr/bin/pkg-config
configure:9093: result: /usr/bin/pkg-config
configure:9115: checking for gtk+-2.0
configure:9120: result: 2.24.17
configure:9504: checking elf.h usability
configure:9504: gcc -Wnested-externs -Wno-format -c -O2 -g  conftest.c >&5
configure:9504: $? = 0
configure:9504: result: yes
configure:9504: checking elf.h presence
configure:9504: gcc -Wnested-externs -Wno-format -E  conftest.c
configure:9504: $? = 0
configure:9504: result: yes
configure:9504: checking for elf.h
configure:9504: result: yes
configure:9644: checking for dirent.h that defines DIR
configure:9663: gcc -Wnested-externs -Wno-format -c -O2 -g  conftest.c >&5
configure:9663: $? = 0
configure:9671: result: yes
configure:9684: checking for library containing opendir
configure:9715: gcc -Wnested-externs -Wno-format -o conftest -O2 -g   conftest.c  >&5
configure:9715: $? = 0
configure:9732: result: none required
configure:9801: checking for usleep
configure:9801: gcc -Wnested-externs -Wno-format -o conftest -O2 -g   conftest.c  >&5
configure:9801: $? = 0
configure:9801: result: yes
configure:9816: checking how to call gettimeofday
configure:9834: gcc -Wnested-externs -Wno-format -c -O2 -g  conftest.c >&5
configure:9834: $? = 0
configure:9866: result: two arguments
configure:9881: checking for tzset
configure:9881: gcc -Wnested-externs -Wno-format -o conftest -O2 -g   conftest.c  >&5
configure:9881: $? = 0
configure:9881: result: yes
configure:9881: checking for timelocal
configure:9881: gcc -Wnested-externs -Wno-format -o conftest -O2 -g   conftest.c  >&5
configure:9881: $? = 0
configure:9881: result: yes
configure:9891: checking for inline
configure:9907: gcc -Wnested-externs -Wno-format -c -O2 -g  conftest.c >&5
configure:9907: $? = 0
configure:9915: result: inline
configure:9935: checking for srand48
configure:9935: gcc -Wnested-externs -Wno-format -o conftest -O2 -g   conftest.c  >&5
configure:9935: $? = 0
configure:9935: result: yes
configure:9939: checking for srand48 declaration
configure:9949: result: yes
configure:9985: checking matherr support
configure:10007: gcc -Wnested-externs -Wno-format -c -O2 -g  conftest.c >&5
configure:10007: $? = 0
configure:10018: result: yes
configure:10025: checking struct sigset_t
configure:10046: gcc -Wnested-externs -Wno-format -c -O2 -g  conftest.c >&5
configure:10046: $? = 0
configure:10063: result: no
configure:10080: checking whether wchar_t is defined internal to C++
configure:10100: g++ -c -march=native  -I/usr/include conftest.cpp >&5
configure:10100: $? = 0
configure:10114: result: no
configure:10295: result: defining option USE_VROOT
configure:10326: result: defining option ALWAYS_ALLOW_ROOT
configure:10362: result: defining option USE_SYSLOG
configure:10559: result: Warning: Illegal time value "-1" given
configure:10561: result: defining option USE_BUTTON_LOGOUT = 10 minutes
configure:10611: result: defining option USE_BOMB
configure:10717: result: defining option STAFF_FILE = "/etc/xlock.staff"
configure:10892: result: defining option USE_PAM
configure:10896: checking for dlsym
configure:10896: gcc -Wnested-externs -Wno-format -o conftest -O2 -g   conftest.c  >&5
/tmp/ccbBLePJ.o: In function `main':
/home/gelma/dev/prg/xlockmore/5.42/xlockmore-5.42/conftest.c:105: undefined reference to `dlsym'
collect2: error: ld returned 1 exit status
configure:10896: $? = 1
configure: failed program was:
| /* confdefs.h */
| #define PACKAGE_NAME ""
| #define PACKAGE_TARNAME ""
| #define PACKAGE_VERSION ""
| #define PACKAGE_STRING ""
| #define PACKAGE_BUGREPORT ""
| #define PACKAGE_URL ""
| #define HAVE_CXX 1
| #define PACKAGE "xlockmore"
| #define VERSION "5.42ALPHA04"
| #define STDC_HEADERS 1
| #define HAVE_SYS_TYPES_H 1
| #define HAVE_SYS_STAT_H 1
| #define HAVE_STDLIB_H 1
| #define HAVE_STRING_H 1
| #define HAVE_MEMORY_H 1
| #define HAVE_STRINGS_H 1
| #define HAVE_INTTYPES_H 1
| #define HAVE_STDINT_H 1
| #define HAVE_UNISTD_H 1
| #define __EXTENSIONS__ 1
| #define _ALL_SOURCE 1
| #define _GNU_SOURCE 1
| #define _POSIX_PTHREAD_SEMANTICS 1
| #define _TANDEM_SOURCE 1
| #define HAVE_FCNTL_H 1
| #define HAVE_LIMITS_H 1
| #define HAVE_SYS_SELECT_H 1
| #define HAVE_SYS_TIME_H 1
| #define HAVE_SYSLOG_H 1
| #define HAVE_UNISTD_H 1
| #define HAVE_MEMORY_H 1
| #define HAVE_SYS_PARAM_H 1
| #define TIME_WITH_SYS_TIME 1
| #define DECLARED_GETENV 1
| #define HAVE_GETHOSTNAME 1
| #define HAVE_SELECT 1
| #define HAVE_STRDUP 1
| #define HAVE_SETPRIORITY 1
| #define HAVE_VFORK 1
| #define HAVE_SETEUID 1
| #define USE_XMU 1
| #define HAVE_XPM 1
| #define USE_GL 1
| #define HAVE_GLBINDTEXTURE 1
| #define USE_EXT 1
| #define USE_DPMS 1
| #define USE_XINERAMA 1
| #define HAVE_SHADOW 1
| #define linux 1
| #define _POSIX_SOURCE 1
| #define _BSD_SOURCE 1
| #define _GNU_SOURCE 1
| #define HAVE_DIRENT_H 1
| #define HAVE_USLEEP 1
| #define HAVE_GETTIMEOFDAY 1
| #define GETTIMEOFDAY_TWO_ARGS 1
| #define HAVE_TZSET 1
| #define HAVE_TIMELOCAL 1
| #define HAVE_RAND48 1
| #define DECLARED_SRAND48 1
| #define USE_MATHERR 1
| #define USE_VROOT 1
| #define ALWAYS_ALLOW_ROOT 1
| #define USE_SYSLOG 1
| #define USE_BUTTON_LOGOUT 10
| #define USE_BOMB 1
| #define STAFF_FILE "/etc/xlock.staff"
| #define USE_PAM 1
| /* end confdefs.h.  */
| /* Define dlsym to an innocuous variant, in case <limits.h> declares dlsym.
|    For example, HP-UX 11i <limits.h> declares gettimeofday.  */
| #define dlsym innocuous_dlsym
| 
| /* System header to define __stub macros and hopefully few prototypes,
|     which can conflict with char dlsym (); below.
|     Prefer <limits.h> to <assert.h> if __STDC__ is defined, since
|     <limits.h> exists even on freestanding compilers.  */
| 
| #ifdef __STDC__
| # include <limits.h>
| #else
| # include <assert.h>
| #endif
| 
| #undef dlsym
| 
| /* Override any GCC internal prototype to avoid an error.
|    Use char because int might match the return type of a GCC
|    builtin and then its argument prototype would still apply.  */
| #ifdef __cplusplus
| extern "C"
| #endif
| char dlsym ();
| /* The GNU C library defines this for functions which it implements
|     to always fail with ENOSYS.  Some functions are actually named
|     something starting with __ and the normal name is an alias.  */
| #if defined __stub_dlsym || defined __stub___dlsym
| choke me
| #endif
| 
| int
| main ()
| {
| return dlsym ();
|   ;
|   return 0;
| }
configure:10896: result: no
configure:10918: result: defining option BAD_PAM
configure:11022: result: defining option USE_MB
configure:11147: result: using default language (English)
configure:11227: result: defining install options (setuid/setgid) = "-s -g shadow -m 2111"
configure:11424: creating ./config.status

## ---------------------- ##
## Running config.status. ##
## ---------------------- ##

This file was extended by config.status, which was
generated by GNU Autoconf 2.69.  Invocation command line was

  CONFIG_FILES    = 
  CONFIG_HEADERS  = 
  CONFIG_LINKS    = 
  CONFIG_COMMANDS = 
  $ ./config.status 

on glen

config.status:929: creating Makefile
config.status:929: creating xlock/Makefile
config.status:929: creating modes/Makefile
config.status:929: creating modes/glx/Makefile
config.status:929: creating xmlock/Makefile
config.status:929: creating xglock/Makefile
config.status:929: creating config.h
configure:12589: WARNING: unrecognized options: --enable-flagtype, --enable-allowroot

## ---------------- ##
## Cache variables. ##
## ---------------- ##

ac_cv_build=x86_64-unknown-linux-gnu
ac_cv_c_compiler_gnu=yes
ac_cv_c_const=yes
ac_cv_c_gl1_1=yes
ac_cv_c_inline=inline
ac_cv_c_matherr=yes
ac_cv_c_sigset_t=yes
ac_cv_c_wchar_t=no
ac_cv_cxx_compiler_gnu=yes
ac_cv_env_CCC_set=
ac_cv_env_CCC_value=
ac_cv_env_CC_set=
ac_cv_env_CC_value=
ac_cv_env_CFLAGS_set=set
ac_cv_env_CFLAGS_value='-O2 -g'
ac_cv_env_CPPFLAGS_set=
ac_cv_env_CPPFLAGS_value=
ac_cv_env_CPP_set=
ac_cv_env_CPP_value=
ac_cv_env_CXXFLAGS_set=set
ac_cv_env_CXXFLAGS_value=-march=native
ac_cv_env_CXX_set=
ac_cv_env_CXX_value=
ac_cv_env_LDFLAGS_set=
ac_cv_env_LDFLAGS_value=
ac_cv_env_LIBS_set=
ac_cv_env_LIBS_value=
ac_cv_env_XMKMF_set=
ac_cv_env_XMKMF_value=
ac_cv_env_build_alias_set=
ac_cv_env_build_alias_value=
ac_cv_env_host_alias_set=
ac_cv_env_host_alias_value=
ac_cv_env_target_alias_set=
ac_cv_env_target_alias_value=
ac_cv_func_connect=yes
ac_cv_func_dlsym=no
ac_cv_func_gethostbyname=yes
ac_cv_func_gethostname=yes
ac_cv_func_remove=yes
ac_cv_func_select=yes
ac_cv_func_seteuid=yes
ac_cv_func_setpriority=yes
ac_cv_func_shmat=yes
ac_cv_func_srand48=yes
ac_cv_func_strdup=yes
ac_cv_func_timelocal=yes
ac_cv_func_tzset=yes
ac_cv_func_usleep=yes
ac_cv_func_vfork=yes
ac_cv_gettimeofday_args=2
ac_cv_have_x='have_x=yes	ac_x_includes='\'''\''	ac_x_libraries='\'''\'''
ac_cv_header_dirent_dirent_h=yes
ac_cv_header_elf_h=yes
ac_cv_header_fcntl_h=yes
ac_cv_header_inttypes_h=yes
ac_cv_header_limits_h=yes
ac_cv_header_memory_h=yes
ac_cv_header_minix_config_h=no
ac_cv_header_stdc=yes
ac_cv_header_stdint_h=yes
ac_cv_header_stdlib_h=yes
ac_cv_header_string_h=yes
ac_cv_header_strings_h=yes
ac_cv_header_sys_param_h=yes
ac_cv_header_sys_select_h=yes
ac_cv_header_sys_stat_h=yes
ac_cv_header_sys_time_h=yes
ac_cv_header_sys_types_h=yes
ac_cv_header_syslog_h=yes
ac_cv_header_time=yes
ac_cv_header_unistd_h=yes
ac_cv_host=x86_64-unknown-linux-gnu
ac_cv_lib_ICE_IceConnectionNumber=yes
ac_cv_objext=o
ac_cv_path_EGREP='/bin/grep -E'
ac_cv_path_GREP=/bin/grep
ac_cv_path_crypt=no_crypt=yes
ac_cv_path_dpms='no_dpms= ac_dpms_includes=/usr/include ac_dpms_libraries='
ac_cv_path_editres='no_editres= ac_editres_includes=/usr/include ac_editres_libraries='
ac_cv_path_ext='no_ext= ac_ext_includes=/usr/include ac_ext_libraries='
ac_cv_path_install='/usr/bin/install -c'
ac_cv_path_magick=no_magick=yes
ac_cv_path_mesa='no_mesa= ac_mesa_includes=/usr/include ac_mesa_libraries='
ac_cv_path_opengl='no_opengl= ac_opengl_includes=/usr/include ac_opengl_libraries='
ac_cv_path_pkg_config=/usr/bin/pkg-config
ac_cv_path_xinerama='no_xinerama= ac_xinerama_includes=/usr/include ac_xinerama_libraries='
ac_cv_path_xpm='no_xpm= ac_xpm_includes=/usr/include ac_xpm_libraries='
ac_cv_prog_CPP='gcc -Wnested-externs -Wno-format -E'
ac_cv_prog_CXX=g++
ac_cv_prog_ac_ct_CC=gcc
ac_cv_prog_cc_c89=
ac_cv_prog_cc_g=yes
ac_cv_prog_cxx_g=yes
ac_cv_prog_make_make_set=yes
ac_cv_safe_to_define___extensions__=yes
ac_cv_search_opendir='none required'
ac_cv_search_strerror='none required'
ac_cv_struct_tm=time.h
ac_cv_type_mode_t=yes
ac_cv_type_pid_t=yes
ac_cv_type_size_t=yes
ac_cv_type_uid_t=yes
ac_cv_x_app_defaults=/usr/lib/X11/app-defaults

## ----------------- ##
## Output variables. ##
## ----------------- ##

APPDEFAULTS='/usr/lib/X11/app-defaults'
BITMAPDIR='$(top_srcdir)/bitmaps'
BITMAPTYPE='linux'
BOMB=''
CC='gcc -Wnested-externs -Wno-format'
CCC=''
CFLAGS='-O2 -g'
CHECK='#'
CPP='gcc -Wnested-externs -Wno-format -E'
CPPFLAGS=''
CXX='g++'
CXXFLAGS='-march=native'
DEFS='-DHAVE_CONFIG_H'
DEPEND='makedepend'
DEPEND_DEFINES=''
DEPEND_FLAGS=''
ECHO_C=''
ECHO_N='-n'
ECHO_T=''
EGREP='/bin/grep -E'
EXEEXT=''
FTGL='#'
GL=''
GLTT='#'
GREP='/bin/grep'
GTK_CFLAGS=''
GTK_CONFIG=''
GTK_LIBS=''
INSTALL_DATA='${INSTALL} -m 644'
INSTALL_PROGRAM='${INSTALL}'
INSTALL_SCRIPT='${INSTALL}'
INSTALL_XGLOCK='install_xglock'
INSTALL_XMLOCK=''
INSTPGMFLAGS='-s -g shadow -m 2111'
INTERACTIVE='#'
LDFLAGS=''
LIBOBJS=''
LIBS=''
LINT=''
LN_S='ln -s'
LTLIBOBJS=''
MODULEFLAGS=''
MODULES='#'
NOMODULES=''
OBJEXT='o'
OSF1_ENH_SEC=''
PACKAGE='xlockmore'
PACKAGE_BUGREPORT=''
PACKAGE_NAME=''
PACKAGE_STRING=''
PACKAGE_TARNAME=''
PACKAGE_URL=''
PACKAGE_VERSION=''
PATH_SEPARATOR=':'
PIXMAPDIR='$(top_srcdir)/pixmaps'
PIXMAPTYPE='linux'
PURIFY=''
SET_MAKE=''
SHELL='/bin/bash'
UNINSTALL_XGLOCK='uninstall_xglock'
UNINSTALL_XMLOCK=''
UNSTABLE='#'
VERSION='5.42ALPHA04'
XGLOCK='xglock'
XGLOCKDIR=''
XGLOCKINC='-pthread -I/usr/include/gtk-2.0 -I/usr/lib/x86_64-linux-gnu/gtk-2.0/include -I/usr/include/atk-1.0 -I/usr/include/cairo -I/usr/include/gdk-pixbuf-2.0 -I/usr/include/pango-1.0 -I/usr/include/gio-unix-2.0/ -I/usr/include/glib-2.0 -I/usr/lib/x86_64-linux-gnu/glib-2.0/include -I/usr/include/pixman-1 -I/usr/include/freetype2 -I/usr/include/libpng12 -I/usr/include/harfbuzz  '
XGLOCKLDFLAGS='-lgtk-x11-2.0 -lgdk-x11-2.0 -latk-1.0 -lgio-2.0 -lpangoft2-1.0 -lpangocairo-1.0 -lgdk_pixbuf-2.0 -lcairo -lpango-1.0 -lfreetype -lfontconfig -lgobject-2.0 -lglib-2.0  '
XGLOCKLIBS='  '
XLIBS=''
XLOCKINC=' -I/usr/include -I/usr/include -I/usr/include -I/usr/include -I/usr/include'
XLOCKLDFLAGS=''
XLOCKLIBS='  -lSM -lICE   -lXmu -lXpm -lGL -lGLU -lXinerama -lpam -ldl -lX11 -lXext -lm'
XMKMF=''
XMLOCK=''
XMLOCKINC=' -I/usr/include'
XMLOCKLDFLAGS=''
XMLOCKLIBS=' -lXpm -lXmu -lXt  -lX11'
XPM=''
X_CFLAGS=''
X_EXTRA_LIBS=''
X_LIBS=''
X_PRE_LIBS=' -lSM -lICE'
ac_ct_CC='gcc'
ac_ct_CXX=''
bindir='${exec_prefix}/bin'
build='x86_64-unknown-linux-gnu'
build_alias=''
build_cpu='x86_64'
build_os='linux-gnu'
build_vendor='unknown'
datadir='${datarootdir}'
datarootdir='${prefix}/share'
docdir='${datarootdir}/doc/${PACKAGE}'
dvidir='${docdir}'
exec_prefix='${prefix}'
host='x86_64-unknown-linux-gnu'
host_alias=''
host_cpu='x86_64'
host_os='linux-gnu'
host_vendor='unknown'
htmldir='${docdir}'
includedir='${prefix}/include'
infodir='${datarootdir}/info'
krb5_config=''
libdir='${exec_prefix}/lib'
libexecdir='${exec_prefix}/libexec'
localedir='${datarootdir}/locale'
localstatedir='${prefix}/var'
mandir='/share/man'
oldincludedir='/usr/include'
pdfdir='${docdir}'
pkg_config='/usr/bin/pkg-config'
prefix='/usr'
program_transform_name='s,x,x,'
psdir='${docdir}'
sbindir='${exec_prefix}/sbin'
sharedstatedir='${prefix}/com'
sysconfdir='${prefix}/etc'
target_alias=''

## ----------- ##
## confdefs.h. ##
## ----------- ##

/* confdefs.h */
#define PACKAGE_NAME ""
#define PACKAGE_TARNAME ""
#define PACKAGE_VERSION ""
#define PACKAGE_STRING ""
#define PACKAGE_BUGREPORT ""
#define PACKAGE_URL ""
#define HAVE_CXX 1
#define PACKAGE "xlockmore"
#define VERSION "5.42ALPHA04"
#define STDC_HEADERS 1
#define HAVE_SYS_TYPES_H 1
#define HAVE_SYS_STAT_H 1
#define HAVE_STDLIB_H 1
#define HAVE_STRING_H 1
#define HAVE_MEMORY_H 1
#define HAVE_STRINGS_H 1
#define HAVE_INTTYPES_H 1
#define HAVE_STDINT_H 1
#define HAVE_UNISTD_H 1
#define __EXTENSIONS__ 1
#define _ALL_SOURCE 1
#define _GNU_SOURCE 1
#define _POSIX_PTHREAD_SEMANTICS 1
#define _TANDEM_SOURCE 1
#define HAVE_FCNTL_H 1
#define HAVE_LIMITS_H 1
#define HAVE_SYS_SELECT_H 1
#define HAVE_SYS_TIME_H 1
#define HAVE_SYSLOG_H 1
#define HAVE_UNISTD_H 1
#define HAVE_MEMORY_H 1
#define HAVE_SYS_PARAM_H 1
#define TIME_WITH_SYS_TIME 1
#define DECLARED_GETENV 1
#define HAVE_GETHOSTNAME 1
#define HAVE_SELECT 1
#define HAVE_STRDUP 1
#define HAVE_SETPRIORITY 1
#define HAVE_VFORK 1
#define HAVE_SETEUID 1
#define USE_XMU 1
#define HAVE_XPM 1
#define USE_GL 1
#define HAVE_GLBINDTEXTURE 1
#define USE_EXT 1
#define USE_DPMS 1
#define USE_XINERAMA 1
#define HAVE_SHADOW 1
#define linux 1
#define _POSIX_SOURCE 1
#define _BSD_SOURCE 1
#define _GNU_SOURCE 1
#define HAVE_DIRENT_H 1
#define HAVE_USLEEP 1
#define HAVE_GETTIMEOFDAY 1
#define GETTIMEOFDAY_TWO_ARGS 1
#define HAVE_TZSET 1
#define HAVE_TIMELOCAL 1
#define HAVE_RAND48 1
#define DECLARED_SRAND48 1
#define USE_MATHERR 1
#define USE_VROOT 1
#define ALWAYS_ALLOW_ROOT 1
#define USE_SYSLOG 1
#define USE_BUTTON_LOGOUT 10
#define USE_BOMB 1
#define STAFF_FILE "/etc/xlock.staff"
#define USE_PAM 1
#define BAD_PAM 1
#define USE_MB 1

configure: exit 0
